
**** Build of configuration Default for project ScrollyActivity ****

/Users/joshbadams/Documents/dev/Android/android-ndk-r9c/ndk-build all 
Android NDK: WARNING: APP_PLATFORM android-19 is larger than android:minSdkVersion 11 in ./AndroidManifest.xml    
[armeabi] Compile++ thumb: Scrolly <= gles3jni.cpp
[armeabi] Compile++ thumb: Scrolly <= RendererES2.cpp
[armeabi] Compile++ thumb: Scrolly <= RendererES3.cpp
[armeabi] Compile thumb  : Scrolly <= gl3stub.c
[armeabi] SharedLibrary  : libScrolly.so
[armeabi] Install        : libScrolly.so => libs/armeabi/libScrolly.so

**** Build Finished ****

**** Build of configuration Default for project ScrollyActivity ****

/Users/joshbadams/Documents/dev/Android/android-ndk-r9c/ndk-build all 
Android NDK: WARNING: APP_PLATFORM android-19 is larger than android:minSdkVersion 11 in ./AndroidManifest.xml    
[armeabi] Install        : libScrolly.so => libs/armeabi/libScrolly.so

**** Build Finished ****

**** Build of configuration Default for project ScrollyActivity ****

/Users/joshbadams/Documents/dev/Android/android-ndk-r9c/ndk-build all 
Android NDK: WARNING: APP_PLATFORM android-19 is larger than android:minSdkVersion 11 in ./AndroidManifest.xml    
[armeabi] Install        : libScrolly.so => libs/armeabi/libScrolly.so

**** Build Finished ****

**** Build of configuration Default for project ScrollyActivity ****

/Users/joshbadams/Documents/dev/Android/android-ndk-r9c/ndk-build all 
Android NDK: WARNING: APP_PLATFORM android-19 is larger than android:minSdkVersion 11 in ./AndroidManifest.xml    
[armeabi] Install        : libScrolly.so => libs/armeabi/libScrolly.so

**** Build Finished ****

**** Build of configuration Default for project ScrollyActivity ****

/Users/joshbadams/Documents/dev/Android/android-ndk-r9c/ndk-build all 
Android NDK: WARNING: APP_PLATFORM android-19 is larger than android:minSdkVersion 11 in ./AndroidManifest.xml    
[armeabi] Install        : libScrolly.so => libs/armeabi/libScrolly.so

**** Build Finished ****

**** Build of configuration Default for project ScrollyActivity ****

/Users/joshbadams/Documents/dev/Android/android-ndk-r9c/ndk-build all 
Android NDK: WARNING: APP_PLATFORM android-19 is larger than android:minSdkVersion 11 in ./AndroidManifest.xml    
[armeabi] Install        : libScrolly.so => libs/armeabi/libScrolly.so

**** Build Finished ****

**** Build of configuration Default for project ScrollyActivity ****

/Users/joshbadams/Documents/dev/Android/android-ndk-r9c/ndk-build all 
Android NDK: WARNING: APP_PLATFORM android-19 is larger than android:minSdkVersion 11 in ./AndroidManifest.xml    
[armeabi] Install        : libScrolly.so => libs/armeabi/libScrolly.so

**** Build Finished ****

**** Build of configuration Default for project ScrollyActivity ****

/Users/joshbadams/Documents/dev/Android/android-ndk-r9c/ndk-build all 
Android NDK: WARNING: APP_PLATFORM android-19 is larger than android:minSdkVersion 11 in ./AndroidManifest.xml    
[armeabi] Install        : libScrolly.so => libs/armeabi/libScrolly.so

**** Build Finished ****

**** Build of configuration Default for project ScrollyActivity ****

/Users/joshbadams/Documents/dev/Android/android-ndk-r9c/ndk-build all 
Android NDK: WARNING: APP_PLATFORM android-19 is larger than android:minSdkVersion 11 in ./AndroidManifest.xml    
[armeabi] Install        : libScrolly.so => libs/armeabi/libScrolly.so

**** Build Finished ****

**** Build of configuration Default for project ScrollyActivity ****

/Users/joshbadams/Documents/dev/Android/android-ndk-r9c/ndk-build all 
Android NDK: WARNING: APP_PLATFORM android-19 is larger than android:minSdkVersion 11 in ./AndroidManifest.xml    
[armeabi] Install        : libScrolly.so => libs/armeabi/libScrolly.so

**** Build Finished ****

**** Build of configuration Default for project ScrollyActivity ****

/Users/joshbadams/Documents/dev/Android/android-ndk-r9c/ndk-build all 
Android NDK: WARNING: APP_PLATFORM android-19 is larger than android:minSdkVersion 11 in ./AndroidManifest.xml    
[armeabi] Compile++ thumb: Scrolly <= gles3jni.cpp
[armeabi] Compile++ thumb: Scrolly <= RendererES2.cpp
[armeabi] Compile++ thumb: Scrolly <= RendererES3.cpp
[armeabi] Compile thumb  : Scrolly <= gl3stub.c
[armeabi] SharedLibrary  : libScrolly.so
[armeabi] Install        : libScrolly.so => libs/armeabi/libScrolly.so

**** Build Finished ****

**** Build of configuration Default for project ScrollyActivity ****

/Users/joshbadams/Documents/dev/Android/android-ndk-r9c/ndk-build all 
Android NDK: WARNING: APP_PLATFORM android-19 is larger than android:minSdkVersion 11 in ./AndroidManifest.xml    
[armeabi] Compile++ thumb: Scrolly <= gles3jni.cpp
[armeabi] Compile++ thumb: Scrolly <= RendererES2.cpp
[armeabi] Compile++ thumb: Scrolly <= RendererES3.cpp
[armeabi] Compile thumb  : Scrolly <= gl3stub.c
[armeabi] SharedLibrary  : libScrolly.so
[armeabi] Install        : libScrolly.so => libs/armeabi/libScrolly.so

**** Build Finished ****

**** Build of configuration Default for project ScrollyActivity ****

/Users/joshbadams/Documents/dev/Android/android-ndk-r9c/ndk-build all 
Android NDK: WARNING: APP_PLATFORM android-19 is larger than android:minSdkVersion 11 in ./AndroidManifest.xml    
[armeabi] Compile++ thumb: Scrolly <= gles3jni.cpp
[armeabi] Compile++ thumb: Scrolly <= RendererES2.cpp
[armeabi] Compile++ thumb: Scrolly <= RendererES3.cpp
[armeabi] Compile thumb  : Scrolly <= gl3stub.c
[armeabi] SharedLibrary  : libScrolly.so
[armeabi] Install        : libScrolly.so => libs/armeabi/libScrolly.so

**** Build Finished ****

**** Build of configuration Default for project ScrollyActivity ****

/Users/joshbadams/Documents/dev/Android/android-ndk-r9c/ndk-build all 
[armeabi] Compile++ thumb: Scrolly <= gles3jni.cpp
[armeabi] Compile++ thumb: Scrolly <= RendererES2.cpp
[armeabi] Compile++ thumb: Scrolly <= RendererES3.cpp
[armeabi] Compile thumb  : Scrolly <= gl3stub.c
[armeabi] SharedLibrary  : libScrolly.so
[armeabi] Install        : libScrolly.so => libs/armeabi/libScrolly.so

**** Build Finished ****

**** Build of configuration Default for project ScrollyActivity ****

/Users/joshbadams/Documents/dev/Android/android-ndk-r9c/ndk-build all 
[armeabi] Install        : libScrolly.so => libs/armeabi/libScrolly.so

**** Build Finished ****

**** Build of configuration Default for project ScrollyActivity ****

/Users/joshbadams/Documents/dev/Android/android-ndk-r9c/ndk-build all 
[armeabi] Install        : libScrolly.so => libs/armeabi/libScrolly.so

**** Build Finished ****

**** Build of configuration Default for project ScrollyActivity ****

/Users/joshbadams/Documents/dev/Android/android-ndk-r9c/ndk-build all 
[armeabi] Compile++ thumb: Scrolly <= gles3jni.cpp
[armeabi] SharedLibrary  : libScrolly.so
[armeabi] Install        : libScrolly.so => libs/armeabi/libScrolly.so

**** Build Finished ****

**** Build of configuration Default for project ScrollyActivity ****

/Users/joshbadams/Documents/dev/Android/android-ndk-r9c/ndk-build all 
[armeabi] Compile++ thumb: Scrolly <= gles3jni.cpp
[armeabi] SharedLibrary  : libScrolly.so
[armeabi] Install        : libScrolly.so => libs/armeabi/libScrolly.so

**** Build Finished ****

**** Build of configuration Default for project ScrollyActivity ****

/Users/joshbadams/Documents/dev/Android/android-ndk-r9c/ndk-build all 
[armeabi] Compile thumb  : Scrolly <= gl3stub.c
[armeabi] SharedLibrary  : libScrolly.so
[armeabi] Install        : libScrolly.so => libs/armeabi/libScrolly.so

**** Build Finished ****

**** Build of configuration Default for project ScrollyActivity ****

/Users/joshbadams/Documents/dev/Android/android-ndk-r9c/ndk-build all 
[armeabi] Install        : libScrolly.so => libs/armeabi/libScrolly.so

**** Build Finished ****

**** Build of configuration Default for project ScrollyActivity ****

/Users/joshbadams/Documents/dev/Android/android-ndk-r9c/ndk-build all 
[armeabi] Compile thumb  : Scrolly <= gl3stub.c
[armeabi] Compile++ thumb: Scrolly <= gles3jni.cpp
jni/gles3jni.cpp:234:1: error: 'asdasd' does not name a type
jni/gles3jni.cpp: In function 'void Java_com_moshpit_scrolly_GLES3JNILib_init(JNIEnv*, jobject)':
jni/gles3jni.cpp:255:9: error: 'g_renderer' was not declared in this scope
jni/gles3jni.cpp:256:16: error: type '<type error>' argument given to 'delete', expected pointer
jni/gles3jni.cpp:267:9: error: 'g_renderer' was not declared in this scope
jni/gles3jni.cpp:269:9: error: 'g_renderer' was not declared in this scope
jni/gles3jni.cpp: In function 'void Java_com_moshpit_scrolly_GLES3JNILib_resize(JNIEnv*, jobject, jint, jint)':
jni/gles3jni.cpp:277:9: error: 'g_renderer' was not declared in this scope
jni/gles3jni.cpp: In function 'void Java_com_moshpit_scrolly_GLES3JNILib_step(JNIEnv*, jobject)':
jni/gles3jni.cpp:284:9: error: 'g_renderer' was not declared in this scope
make: *** [obj/local/armeabi/objs/Scrolly/gles3jni.o] Error 1

**** Build Finished ****

**** Build of configuration Default for project ScrollyActivity ****

/Users/joshbadams/Documents/dev/Android/android-ndk-r9c/ndk-build all 
[armeabi] Compile++ thumb: Scrolly <= gles3jni.cpp
[armeabi] Compile++ thumb: Scrolly <= RendererES2.cpp
[armeabi] Compile++ thumb: Scrolly <= RendererES3.cpp
[armeabi] SharedLibrary  : libScrolly.so
[armeabi] Install        : libScrolly.so => libs/armeabi/libScrolly.so

**** Build Finished ****

**** Build of configuration Default for project ScrollyActivity ****

/Users/joshbadams/Documents/dev/Android/android-ndk-r9c/ndk-build all 
[armeabi] Compile thumb  : Scrolly <= gl3stub.c
[armeabi] SharedLibrary  : libScrolly.so
[armeabi] Install        : libScrolly.so => libs/armeabi/libScrolly.so

**** Build Finished ****

**** Build of configuration Default for project ScrollyActivity ****

/Users/joshbadams/Documents/dev/Android/android-ndk-r9c/ndk-build all 
/Users/joshbadams/Documents/dev/Android/android-ndk-r9c/build/core/build-binary.mk:388: warning: overriding commands for target `obj/local/armeabi/objs/Scrolly/Build/Android/.metadata/.plugins/org.eclipse.cdt.make.core/specs.o'
/Users/joshbadams/Documents/dev/Android/android-ndk-r9c/build/core/build-binary.mk:386: warning: ignoring old commands for target `obj/local/armeabi/objs/Scrolly/Build/Android/.metadata/.plugins/org.eclipse.cdt.make.core/specs.o'
[armeabi] Compile++ thumb: Scrolly <= specs.cpp
[armeabi] Compile thumb  : Scrolly <= gl3stub.c
[armeabi] Compile++ thumb: Scrolly <= gles3jni.cpp
[armeabi] Compile++ thumb: Scrolly <= RendererES2.cpp
[armeabi] Compile++ thumb: Scrolly <= RendererES3.cpp
[armeabi] Compile++ thumb: Scrolly <= ScrollyGame.cpp
In file included from jni/../../../ScrollyGame.cpp:8:0:
jni/../../../ScrollyGame.h:10:22: fatal error: WoflGame.h: No such file or directory
compilation terminated.
make: *** [obj/local/armeabi/objs/Scrolly/ScrollyGame.o] Error 1

**** Build Finished ****

**** Build of configuration Default for project ScrollyActivity ****

/Users/joshbadams/Documents/dev/Android/android-ndk-r9c/ndk-build all 
/Users/joshbadams/Documents/dev/Android/android-ndk-r9c/build/core/build-binary.mk:386: warning: overriding commands for target `obj/local/armeabi/objs/Scrolly/Scrolly/Build/Android/.metadata/.plugins/org.eclipse.cdt.make.core/specs.o'
/Users/joshbadams/Documents/dev/Android/android-ndk-r9c/build/core/build-binary.mk:386: warning: ignoring old commands for target `obj/local/armeabi/objs/Scrolly/Scrolly/Build/Android/.metadata/.plugins/org.eclipse.cdt.make.core/specs.o'
[armeabi] Compile++ thumb: Scrolly <= specs.cpp
/Users/joshbadams/Documents/dev/Android/android-ndk-r9c/build/core/build-binary.mk:386: warning: overriding commands for target `obj/local/armeabi/objs/Scrolly/Scrolly/Build/Android/jni/gl3stub.o'
/Users/joshbadams/Documents/dev/Android/android-ndk-r9c/build/core/build-binary.mk:386: warning: ignoring old commands for target `obj/local/armeabi/objs/Scrolly/Scrolly/Build/Android/jni/gl3stub.o'
/Users/joshbadams/Documents/dev/Android/android-ndk-r9c/build/core/build-binary.mk:388: warning: overriding commands for target `obj/local/armeabi/objs/Scrolly/.metadata/.plugins/org.eclipse.cdt.make.core/specs.o'
/Users/joshbadams/Documents/dev/Android/android-ndk-r9c/build/core/build-binary.mk:386: warning: ignoring old commands for target `obj/local/armeabi/objs/Scrolly/.metadata/.plugins/org.eclipse.cdt.make.core/specs.o'
[armeabi] Compile++ thumb: Scrolly <= specs.cpp
/Users/joshbadams/Documents/dev/Android/android-ndk-r9c/build/core/build-binary.mk:388: warning: overriding commands for target `obj/local/armeabi/objs/Scrolly/Android/.metadata/.plugins/org.eclipse.cdt.make.core/specs.o'
/Users/joshbadams/Documents/dev/Android/android-ndk-r9c/build/core/build-binary.mk:386: warning: ignoring old commands for target `obj/local/armeabi/objs/Scrolly/Android/.metadata/.plugins/org.eclipse.cdt.make.core/specs.o'
[armeabi] Compile++ thumb: Scrolly <= FHGame.cpp
/Users/joshbadams/Documents/dev/Android/android-ndk-r9c/build/core/build-binary.mk:388: warning: overriding commands for target `obj/local/armeabi/objs/Scrolly/Scrolly/Build/Android/.metadata/.plugins/org.eclipse.cdt.make.core/specs.o'
/Users/joshbadams/Documents/dev/Android/android-ndk-r9c/build/core/build-binary.mk:386: warning: ignoring old commands for target `obj/local/armeabi/objs/Scrolly/Scrolly/Build/Android/.metadata/.plugins/org.eclipse.cdt.make.core/specs.o'
/Users/joshbadams/Documents/dev/Android/android-ndk-r9c/build/core/build-binary.mk:388: warning: overriding commands for target `obj/local/armeabi/objs/Scrolly/Scrolly/Build/Android/.metadata/.plugins/org.eclipse.cdt.make.core/specs.o'
/Users/joshbadams/Documents/dev/Android/android-ndk-r9c/build/core/build-binary.mk:388: warning: ignoring old commands for target `obj/local/armeabi/objs/Scrolly/Scrolly/Build/Android/.metadata/.plugins/org.eclipse.cdt.make.core/specs.o'
/Users/joshbadams/Documents/dev/Android/android-ndk-r9c/build/core/build-binary.mk:388: warning: overriding commands for target `obj/local/armeabi/objs/Scrolly/Scrolly/Build/Android/jni/gles3jni.o'
/Users/joshbadams/Documents/dev/Android/android-ndk-r9c/build/core/build-binary.mk:388: warning: ignoring old commands for target `obj/local/armeabi/objs/Scrolly/Scrolly/Build/Android/jni/gles3jni.o'
/Users/joshbadams/Documents/dev/Android/android-ndk-r9c/build/core/build-binary.mk:388: warning: overriding commands for target `obj/local/armeabi/objs/Scrolly/Scrolly/Build/Android/jni/RendererES2.o'
/Users/joshbadams/Documents/dev/Android/android-ndk-r9c/build/core/build-binary.mk:388: warning: ignoring old commands for target `obj/local/armeabi/objs/Scrolly/Scrolly/Build/Android/jni/RendererES2.o'
/Users/joshbadams/Documents/dev/Android/android-ndk-r9c/build/core/build-binary.mk:388: warning: overriding commands for target `obj/local/armeabi/objs/Scrolly/Scrolly/Build/Android/jni/RendererES3.o'
/Users/joshbadams/Documents/dev/Android/android-ndk-r9c/build/core/build-binary.mk:388: warning: ignoring old commands for target `obj/local/armeabi/objs/Scrolly/Scrolly/Build/Android/jni/RendererES3.o'
/Users/joshbadams/Documents/dev/Android/android-ndk-r9c/build/core/build-binary.mk:388: warning: overriding commands for target `obj/local/armeabi/objs/Scrolly/Scrolly/ScrollyGame.o'
/Users/joshbadams/Documents/dev/Android/android-ndk-r9c/build/core/build-binary.mk:388: warning: ignoring old commands for target `obj/local/armeabi/objs/Scrolly/Scrolly/ScrollyGame.o'
In file included from jni/../../../../FishHotel/FHGame.cpp:10:0:
jni/../../../../WoflWorld.h:13:18: fatal error: vector: No such file or directory
compilation terminated.
make: *** [obj/local/armeabi/objs/Scrolly/FishHotel/FHGame.o] Error 1

**** Build Finished ****

**** Build of configuration Default for project ScrollyActivity ****

/Users/joshbadams/Documents/dev/Android/android-ndk-r9c/ndk-build all 
[armeabi] Install        : libScrolly.so => libs/armeabi/libScrolly.so

**** Build Finished ****

**** Build of configuration Default for project ScrollyActivity ****

/Users/joshbadams/Documents/dev/Android/android-ndk-r9c/ndk-build all 
[armeabi] Compile++ thumb: Scrolly <= Utils.cpp
In file included from jni/../../../../Utils.h:22:0,
                 from jni/../../../../Utils.cpp:9:
jni/../../../../WoflFile.h:23:10: error: 'string' does not name a type
jni/../../../../WoflFile.h:26:10: error: 'string' does not name a type
jni/../../../../WoflFile.h:27:10: error: 'vector' does not name a type
In file included from jni/../../../../Utils.h:23:0,
                 from jni/../../../../Utils.cpp:9:
jni/../../../../WoflInput.h:47:10: error: 'vector' does not name a type
jni/../../../../WoflInput.h:60:2: error: 'vector' does not name a type
jni/../../../../WoflInput.h: In member function 'virtual void WoflInput::AddTouch(float, float, Touch::Type)':
jni/../../../../WoflInput.h:44:3: error: 'QueuedTouches' was not declared in this scope
jni/../../../../WoflInput.h: In member function 'virtual void WoflInput::Flush()':
jni/../../../../WoflInput.h:54:3: error: 'QueuedTouches' was not declared in this scope
jni/../../../../Utils.cpp: At global scope:
jni/../../../../Utils.cpp:12:25: error: 'NULL' was not declared in this scope
jni/../../../../Utils.cpp:13:27: error: 'NULL' was not declared in this scope
jni/../../../../Utils.cpp:14:33: error: 'NULL' was not declared in this scope
make: *** [obj/local/armeabi/objs/Scrolly/Utils.o] Error 1

**** Build Finished ****

**** Build of configuration Default for project ScrollyActivity ****

/Users/joshbadams/Documents/dev/Android/android-ndk-r9c/ndk-build all 
[armeabi] Compile++ thumb: Scrolly <= Utils.cpp
In file included from jni/../../../../Utils.h:22:0,
                 from jni/../../../../Utils.cpp:9:
jni/../../../../WoflFile.h:23:10: error: 'string' does not name a type
jni/../../../../WoflFile.h:26:10: error: 'string' does not name a type
jni/../../../../WoflFile.h:27:10: error: 'vector' does not name a type
In file included from jni/../../../../Utils.h:23:0,
                 from jni/../../../../Utils.cpp:9:
jni/../../../../WoflInput.h:47:10: error: 'vector' does not name a type
jni/../../../../WoflInput.h:60:2: error: 'vector' does not name a type
jni/../../../../WoflInput.h: In member function 'virtual void WoflInput::AddTouch(float, float, Touch::Type)':
jni/../../../../WoflInput.h:44:3: error: 'QueuedTouches' was not declared in this scope
jni/../../../../WoflInput.h: In member function 'virtual void WoflInput::Flush()':
jni/../../../../WoflInput.h:54:3: error: 'QueuedTouches' was not declared in this scope
jni/../../../../Utils.cpp: At global scope:
jni/../../../../Utils.cpp:12:25: error: 'NULL' was not declared in this scope
jni/../../../../Utils.cpp:13:27: error: 'NULL' was not declared in this scope
jni/../../../../Utils.cpp:14:33: error: 'NULL' was not declared in this scope
make: *** [obj/local/armeabi/objs/Scrolly/Utils.o] Error 1

**** Build Finished ****

**** Build of configuration Default for project ScrollyActivity ****

/Users/joshbadams/Documents/dev/Android/android-ndk-r9c/ndk-build all 
[armeabi] Compile++ thumb: Scrolly <= Utils.cpp
In file included from jni/../../../../Utils.h:22:0,
                 from jni/../../../../Utils.cpp:9:
jni/../../../../WoflFile.h:23:10: error: 'string' does not name a type
jni/../../../../WoflFile.h:26:10: error: 'string' does not name a type
jni/../../../../WoflFile.h:27:10: error: 'vector' does not name a type
In file included from jni/../../../../Utils.h:23:0,
                 from jni/../../../../Utils.cpp:9:
jni/../../../../WoflInput.h:47:10: error: 'vector' does not name a type
jni/../../../../WoflInput.h:60:2: error: 'vector' does not name a type
jni/../../../../WoflInput.h: In member function 'virtual void WoflInput::AddTouch(float, float, Touch::Type)':
jni/../../../../WoflInput.h:44:3: error: 'QueuedTouches' was not declared in this scope
jni/../../../../WoflInput.h: In member function 'virtual void WoflInput::Flush()':
jni/../../../../WoflInput.h:54:3: error: 'QueuedTouches' was not declared in this scope
jni/../../../../Utils.cpp: At global scope:
jni/../../../../Utils.cpp:12:25: error: 'NULL' was not declared in this scope
jni/../../../../Utils.cpp:13:27: error: 'NULL' was not declared in this scope
jni/../../../../Utils.cpp:14:33: error: 'NULL' was not declared in this scope
make: *** [obj/local/armeabi/objs/Scrolly/Utils.o] Error 1

**** Build Finished ****

**** Build of configuration Default for project ScrollyActivity ****

/Users/joshbadams/Documents/dev/Android/android-ndk-r9c/ndk-build all 
[armeabi] Compile++ thumb: Scrolly <= Utils.cpp
cc1plus: fatal error: Wofl/Wofl-Prefix.pch: No such file or directory
compilation terminated.
make: *** [obj/local/armeabi/objs/Scrolly/Utils.o] Error 1

**** Build Finished ****

**** Build of configuration Default for project ScrollyActivity ****

/Users/joshbadams/Documents/dev/Android/android-ndk-r9c/ndk-build all 
[armeabi] Compile++ thumb: Scrolly <= Utils.cpp
cc1plus: fatal error: Wofl/Wofl-Prefix.pch: No such file or directory
compilation terminated.
make: *** [obj/local/armeabi/objs/Scrolly/Utils.o] Error 1

**** Build Finished ****

**** Build of configuration Default for project ScrollyActivity ****

/Users/joshbadams/Documents/dev/Android/android-ndk-r9c/ndk-build all 
[armeabi] Compile++ thumb: Scrolly <= Utils.cpp
In file included from <command-line>:0:0:
jni/../../../../Wofl-Prefix.pch:17:1: error: 'P' does not name a type
make: *** [obj/local/armeabi/objs/Scrolly/Utils.o] Error 1

**** Build Finished ****

**** Build of configuration Default for project ScrollyActivity ****

/Users/joshbadams/Documents/dev/Android/android-ndk-r9c/ndk-build all 
[armeabi] Compile++ thumb: Scrolly <= Utils.cpp
[armeabi] Compile++ thumb: Scrolly <= WoflApp.cpp
In file included from jni/../../../../WoflApp.cpp:10:0:
jni/../../../../WoflRenderer.h:24:20: error: 'GLuint' has not been declared
jni/../../../../WoflRenderer.h:24:36: error: 'GLuint' has not been declared
jni/../../../../WoflRenderer.h:41:2: error: 'GLuint' does not name a type
jni/../../../../WoflRenderer.h:56:2: error: 'GLuint' does not name a type
jni/../../../../WoflRenderer.h:58:2: error: 'GLint' does not name a type
jni/../../../../WoflRenderer.h:59:2: error: 'GLint' does not name a type
jni/../../../../WoflRenderer.h:60:2: error: 'GLint' does not name a type
jni/../../../../WoflRenderer.h:61:2: error: 'GLint' does not name a type
jni/../../../../WoflRenderer.h:62:2: error: 'GLint' does not name a type
jni/../../../../WoflRenderer.h:63:2: error: 'GLfloat' does not name a type
jni/../../../../WoflRenderer.h:64:2: error: 'GLfloat' does not name a type
jni/../../../../WoflRenderer.h:67:2: error: 'GLuint' does not name a type
jni/../../../../WoflRenderer.h:68:2: error: 'GLuint' does not name a type
In file included from jni/../../../../WoflWorld.h:12:0,
                 from jni/../../../../WoflApp.cpp:11:
jni/../../../../WoflSprite.h:15:2: error: 'GLuint' does not name a type
jni/../../../../WoflSprite.h:16:2: error: 'GLfloat' does not name a type
jni/../../../../WoflSprite.h:25:3: error: 'GLuint' does not name a type
jni/../../../../WoflSprite.h:26:3: error: 'GLuint' does not name a type
jni/../../../../WoflApp.cpp: In static member function 'static void WoflApplication::Initialize()':
jni/../../../../WoflApp.cpp:23:21: error: 'assert' was not declared in this scope
make: *** [obj/local/armeabi/objs/Scrolly/WoflApp.o] Error 1

**** Build Finished ****

**** Build of configuration Default for project ScrollyActivity ****

/Users/joshbadams/Documents/dev/Android/android-ndk-r9c/ndk-build all 
[armeabi] Compile++ thumb: Scrolly <= WoflApp.cpp
In file included from jni/../../../../WoflApp.cpp:10:0:
jni/../../../../WoflRenderer.h:13:19: fatal error: gl/gl.h: No such file or directory
compilation terminated.
make: *** [obj/local/armeabi/objs/Scrolly/WoflApp.o] Error 1

**** Build Finished ****

**** Build of configuration Default for project ScrollyActivity ****

/Users/joshbadams/Documents/dev/Android/android-ndk-r9c/ndk-build all 
[armeabi] Compile++ thumb: Scrolly <= WoflApp.cpp
In file included from jni/../../../../WoflApp.cpp:10:0:
jni/../../../../WoflRenderer.h:13:16: fatal error: gl.h: No such file or directory
compilation terminated.
make: *** [obj/local/armeabi/objs/Scrolly/WoflApp.o] Error 1

**** Build Finished ****

**** Build of configuration Default for project ScrollyActivity ****

/Users/joshbadams/Documents/dev/Android/android-ndk-r9c/ndk-build all 
[armeabi] Compile++ thumb: Scrolly <= WoflApp.cpp
In file included from jni/../../../../WoflApp.cpp:10:0:
jni/../../../../WoflRenderer.h:13:22: fatal error: GLES/gl2.h: No such file or directory
compilation terminated.
make: *** [obj/local/armeabi/objs/Scrolly/WoflApp.o] Error 1

**** Build Finished ****

**** Build of configuration Default for project ScrollyActivity ****

/Users/joshbadams/Documents/dev/Android/android-ndk-r9c/ndk-build all 
[armeabi] Compile++ thumb: Scrolly <= WoflApp.cpp
jni/../../../../WoflApp.cpp: In static member function 'static void WoflApplication::Initialize()':
jni/../../../../WoflApp.cpp:23:21: error: 'assert' was not declared in this scope
make: *** [obj/local/armeabi/objs/Scrolly/WoflApp.o] Error 1

**** Build Finished ****

**** Build of configuration Default for project ScrollyActivity ****

/Users/joshbadams/Documents/dev/Android/android-ndk-r9c/ndk-build all 
[armeabi] Compile++ thumb: Scrolly <= Utils.cpp
[armeabi] Compile++ thumb: Scrolly <= WoflApp.cpp
[armeabi] Compile++ thumb: Scrolly <= WoflGame.cpp
[armeabi] Compile++ thumb: Scrolly <= WoflInput.cpp
[armeabi] Compile++ thumb: Scrolly <= WoflRenderer.cpp
jni/../../../../WoflRenderer.cpp: In member function 'void WoflRenderer::CreateBuffers()':
jni/../../../../WoflRenderer.cpp:127:5: error: 'glGenVertexArraysOES' was not declared in this scope
jni/../../../../WoflRenderer.cpp:128:5: error: 'glBindVertexArrayOES' was not declared in this scope
jni/../../../../WoflRenderer.cpp: In member function 'void WoflRenderer::DrawScene()':
jni/../../../../WoflRenderer.cpp:184:2: error: 'glBindVertexArrayOES' was not declared in this scope
make: *** [obj/local/armeabi/objs/Scrolly/WoflRenderer.o] Error 1

**** Build Finished ****

**** Build of configuration Default for project ScrollyActivity ****

/Users/joshbadams/Documents/dev/Android/android-ndk-r9c/ndk-build all 
[armeabi] Compile++ thumb: Scrolly <= WoflRenderer.cpp
jni/../../../../WoflRenderer.cpp: In member function 'void WoflRenderer::CreateBuffers()':
jni/../../../../WoflRenderer.cpp:127:5: error: 'glGenVertexArraysOES' was not declared in this scope
jni/../../../../WoflRenderer.cpp:128:5: error: 'glBindVertexArrayOES' was not declared in this scope
jni/../../../../WoflRenderer.cpp: In member function 'void WoflRenderer::DrawScene()':
jni/../../../../WoflRenderer.cpp:184:2: error: 'glBindVertexArrayOES' was not declared in this scope
make: *** [obj/local/armeabi/objs/Scrolly/WoflRenderer.o] Error 1

**** Build Finished ****

**** Build of configuration Default for project ScrollyActivity ****

/Users/joshbadams/Documents/dev/Android/android-ndk-r9c/ndk-build all 
[armeabi] Compile++ thumb: Scrolly <= WoflRenderer.cpp
jni/../../../../WoflRenderer.cpp: In member function 'void WoflRenderer::CreateBuffers()':
jni/../../../../WoflRenderer.cpp:127:5: error: 'glGenVertexArrays' was not declared in this scope
jni/../../../../WoflRenderer.cpp:128:5: error: 'glBindVertexArrayOES' was not declared in this scope
jni/../../../../WoflRenderer.cpp: In member function 'void WoflRenderer::DrawScene()':
jni/../../../../WoflRenderer.cpp:184:2: error: 'glBindVertexArrayOES' was not declared in this scope
make: *** [obj/local/armeabi/objs/Scrolly/WoflRenderer.o] Error 1

**** Build Finished ****

**** Build of configuration Default for project ScrollyActivity ****

/Users/joshbadams/Documents/dev/Android/android-ndk-r9c/ndk-build all 
[armeabi] Compile++ thumb: Scrolly <= WoflApp.cpp
In file included from jni/../../../../WoflRenderer.h:17:0,
                 from jni/../../../../WoflApp.cpp:10:
jni/../../../../Android/AndroidRender.h:17:1: error: expected class-name before '{' token
make: *** [obj/local/armeabi/objs/Scrolly/WoflApp.o] Error 1

**** Build Finished ****

**** Build of configuration Default for project ScrollyActivity ****

/Users/joshbadams/Documents/dev/Android/android-ndk-r9c/ndk-build all 
[armeabi] Compile++ thumb: Scrolly <= WoflApp.cpp
In file included from jni/../../../../WoflRenderer.h:17:0,
                 from jni/../../../../WoflApp.cpp:10:
jni/../../../../Android/AndroidRender.h:16:1: error: expected class-name before '{' token
make: *** [obj/local/armeabi/objs/Scrolly/WoflApp.o] Error 1

**** Build Finished ****

**** Build of configuration Default for project ScrollyActivity ****

/Users/joshbadams/Documents/dev/Android/android-ndk-r9c/ndk-build all 
[armeabi] Compile++ thumb: Scrolly <= WoflApp.cpp
In file included from jni/../../../../WoflApp.cpp:10:0:
jni/../../../../WoflRenderer.h:24:20: error: 'GLuint' has not been declared
jni/../../../../WoflRenderer.h:24:36: error: 'GLuint' has not been declared
jni/../../../../WoflRenderer.h:41:2: error: 'GLuint' does not name a type
jni/../../../../WoflRenderer.h:56:2: error: 'GLuint' does not name a type
jni/../../../../WoflRenderer.h:58:2: error: 'GLint' does not name a type
jni/../../../../WoflRenderer.h:59:2: error: 'GLint' does not name a type
jni/../../../../WoflRenderer.h:60:2: error: 'GLint' does not name a type
jni/../../../../WoflRenderer.h:61:2: error: 'GLint' does not name a type
jni/../../../../WoflRenderer.h:62:2: error: 'GLint' does not name a type
jni/../../../../WoflRenderer.h:63:2: error: 'GLfloat' does not name a type
jni/../../../../WoflRenderer.h:64:2: error: 'GLfloat' does not name a type
jni/../../../../WoflRenderer.h:67:2: error: 'GLuint' does not name a type
jni/../../../../WoflRenderer.h:68:2: error: 'GLuint' does not name a type
make: *** [obj/local/armeabi/objs/Scrolly/WoflApp.o] Error 1

**** Build Finished ****

**** Build of configuration Default for project ScrollyActivity ****

/Users/joshbadams/Documents/dev/Android/android-ndk-r9c/ndk-build all 
[armeabi] Compile++ thumb: Scrolly <= WoflApp.cpp
[armeabi] Compile++ thumb: Scrolly <= WoflRenderer.cpp
jni/../../../../WoflRenderer.cpp: In member function 'void WoflRenderer::CreateBuffers()':
jni/../../../../WoflRenderer.cpp:127:5: error: 'glGenVertexArraysOES' was not declared in this scope
jni/../../../../WoflRenderer.cpp:128:5: error: 'glBindVertexArrayOES' was not declared in this scope
jni/../../../../WoflRenderer.cpp: In member function 'void WoflRenderer::DrawScene()':
jni/../../../../WoflRenderer.cpp:184:2: error: 'glBindVertexArrayOES' was not declared in this scope
make: *** [obj/local/armeabi/objs/Scrolly/WoflRenderer.o] Error 1

**** Build Finished ****

**** Build of configuration Default for project ScrollyActivity ****

/Users/joshbadams/Documents/dev/Android/android-ndk-r9c/ndk-build all 
[armeabi] Compile++ thumb: Scrolly <= Utils.cpp
[armeabi] Compile++ thumb: Scrolly <= WoflApp.cpp
[armeabi] Compile++ thumb: Scrolly <= WoflGame.cpp
[armeabi] Compile++ thumb: Scrolly <= WoflInput.cpp
[armeabi] Compile++ thumb: Scrolly <= WoflRenderer.cpp
jni/../../../../WoflRenderer.cpp: In member function 'void WoflRenderer::CreateBuffers()':
jni/../../../../WoflRenderer.cpp:127:5: error: 'glGenVertexArraysOES' was not declared in this scope
jni/../../../../WoflRenderer.cpp:128:5: error: 'glBindVertexArrayOES' was not declared in this scope
jni/../../../../WoflRenderer.cpp: In member function 'void WoflRenderer::DrawScene()':
jni/../../../../WoflRenderer.cpp:184:2: error: 'glBindVertexArrayOES' was not declared in this scope
make: *** [obj/local/armeabi/objs/Scrolly/WoflRenderer.o] Error 1

**** Build Finished ****

**** Build of configuration Default for project ScrollyActivity ****

/Users/joshbadams/Documents/dev/Android/android-ndk-r9c/ndk-build all 
[armeabi] Compile++ thumb: Scrolly <= WoflRenderer.cpp
jni/../../../../WoflRenderer.cpp:158:2: error: #endif without #if
jni/../../../../WoflRenderer.cpp: In member function 'void WoflRenderer::CreateBuffers()':
jni/../../../../WoflRenderer.cpp:141:5: error: 'glGenVertexArraysOES' was not declared in this scope
jni/../../../../WoflRenderer.cpp:142:5: error: 'glBindVertexArrayOES' was not declared in this scope
jni/../../../../WoflRenderer.cpp:157:1: error: expected primary-expression before ')' token
jni/../../../../WoflRenderer.cpp:157:1: error: expected ';' before ')' token
jni/../../../../WoflRenderer.cpp: In member function 'void WoflRenderer::DrawScene()':
jni/../../../../WoflRenderer.cpp:194:2: error: 'glBindVertexArrayOES' was not declared in this scope
make: *** [obj/local/armeabi/objs/Scrolly/WoflRenderer.o] Error 1

**** Build Finished ****

**** Build of configuration Default for project ScrollyActivity ****

/Users/joshbadams/Documents/dev/Android/android-ndk-r9c/ndk-build all 
[armeabi] Compile++ thumb: Scrolly <= WoflRenderer.cpp
jni/../../../../WoflRenderer.cpp: In member function 'void WoflRenderer::CreateBuffers()':
jni/../../../../WoflRenderer.cpp:141:5: error: 'glGenVertexArraysOES' was not declared in this scope
jni/../../../../WoflRenderer.cpp:142:5: error: 'glBindVertexArrayOES' was not declared in this scope
jni/../../../../WoflRenderer.cpp: In member function 'void WoflRenderer::DrawScene()':
jni/../../../../WoflRenderer.cpp:192:2: error: 'glBindVertexArrayOES' was not declared in this scope
make: *** [obj/local/armeabi/objs/Scrolly/WoflRenderer.o] Error 1

**** Build Finished ****

**** Build of configuration Default for project ScrollyActivity ****

/Users/joshbadams/Documents/dev/Android/android-ndk-r9c/ndk-build all 
[armeabi] Compile++ thumb: Scrolly <= WoflRenderer.cpp
jni/../../../../WoflRenderer.cpp: In member function 'void WoflRenderer::CreateBuffers()':
jni/../../../../WoflRenderer.cpp:141:5: error: 'glGenVertexArraysOES' was not declared in this scope
jni/../../../../WoflRenderer.cpp:142:5: error: 'glBindVertexArrayOES' was not declared in this scope
jni/../../../../WoflRenderer.cpp: In member function 'void WoflRenderer::DrawScene()':
jni/../../../../WoflRenderer.cpp:192:2: error: 'glBindVertexArrayOES' was not declared in this scope
make: *** [obj/local/armeabi/objs/Scrolly/WoflRenderer.o] Error 1

**** Build Finished ****

**** Build of configuration Default for project ScrollyActivity ****

/Users/joshbadams/Documents/dev/Android/android-ndk-r9c/ndk-build all 
[armeabi] Compile++ thumb: Scrolly <= WoflApp.cpp
[armeabi] Compile++ thumb: Scrolly <= WoflRenderer.cpp
jni/../../../../WoflRenderer.cpp: In member function 'void WoflRenderer::CreateBuffers()':
jni/../../../../WoflRenderer.cpp:141:5: error: 'glGenVertexArraysOES' was not declared in this scope
jni/../../../../WoflRenderer.cpp:142:5: error: 'glBindVertexArrayOES' was not declared in this scope
jni/../../../../WoflRenderer.cpp: In member function 'void WoflRenderer::DrawScene()':
jni/../../../../WoflRenderer.cpp:192:2: error: 'glBindVertexArrayOES' was not declared in this scope
make: *** [obj/local/armeabi/objs/Scrolly/WoflRenderer.o] Error 1

**** Build Finished ****

**** Build of configuration Default for project ScrollyActivity ****

/Users/joshbadams/Documents/dev/Android/android-ndk-r9c/ndk-build all 
[armeabi] Compile++ thumb: Scrolly <= WoflRenderer.cpp
jni/../../../../WoflRenderer.cpp: In member function 'void WoflRenderer::CreateBuffers()':
jni/../../../../WoflRenderer.cpp:154:40: error: 'mProgram' was not declared in this scope
jni/../../../../WoflRenderer.cpp: In member function 'void WoflRenderer::DrawScene()':
jni/../../../../WoflRenderer.cpp:192:2: error: 'glBindVertexArrayOES' was not declared in this scope
make: *** [obj/local/armeabi/objs/Scrolly/WoflRenderer.o] Error 1

**** Build Finished ****

**** Build of configuration Default for project ScrollyActivity ****

/Users/joshbadams/Documents/dev/Android/android-ndk-r9c/ndk-build all 
[armeabi] Compile++ thumb: Scrolly <= WoflApp.cpp
[armeabi] Compile++ thumb: Scrolly <= WoflRenderer.cpp
jni/../../../../WoflRenderer.cpp: In member function 'void WoflRenderer::CreateBuffers()':
jni/../../../../WoflRenderer.cpp:154:40: error: 'mProgram' was not declared in this scope
jni/../../../../WoflRenderer.cpp: In member function 'void WoflRenderer::DrawScene()':
jni/../../../../WoflRenderer.cpp:192:2: error: 'glBindVertexArrayOES' was not declared in this scope
make: *** [obj/local/armeabi/objs/Scrolly/WoflRenderer.o] Error 1

**** Build Finished ****

**** Build of configuration Default for project ScrollyActivity ****

/Users/joshbadams/Documents/dev/Android/android-ndk-r9c/ndk-build all 
[armeabi] Compile++ thumb: Scrolly <= WoflRenderer.cpp
jni/../../../../WoflRenderer.cpp: In member function 'void WoflRenderer::DrawScene()':
jni/../../../../WoflRenderer.cpp:195:35: error: 'SriteVB' was not declared in this scope
jni/../../../../WoflRenderer.cpp:197:31: error: 'mPosAttrib' was not declared in this scope
jni/../../../../WoflRenderer.cpp:198:31: error: 'mColorAttrib' was not declared in this scope
make: *** [obj/local/armeabi/objs/Scrolly/WoflRenderer.o] Error 1

**** Build Finished ****

**** Build of configuration Default for project ScrollyActivity ****

/Users/joshbadams/Documents/dev/Android/android-ndk-r9c/ndk-build all 
[armeabi] Compile++ thumb: Scrolly <= WoflRenderer.cpp
jni/../../../../WoflRenderer.cpp: In member function 'void WoflRenderer::DrawScene()':
jni/../../../../WoflRenderer.cpp:197:31: error: 'mPosAttrib' was not declared in this scope
jni/../../../../WoflRenderer.cpp:198:31: error: 'mColorAttrib' was not declared in this scope
make: *** [obj/local/armeabi/objs/Scrolly/WoflRenderer.o] Error 1

**** Build Finished ****

**** Build of configuration Default for project ScrollyActivity ****

/Users/joshbadams/Documents/dev/Android/android-ndk-r9c/ndk-build all 
[armeabi] Compile++ thumb: Scrolly <= WoflRenderer.cpp
[armeabi] Compile++ thumb: Scrolly <= WoflSprite.cpp
In file included from jni/../../../../WoflSprite.cpp:9:0:
jni/../../../../WoflSprite.h:15:2: error: 'GLuint' does not name a type
jni/../../../../WoflSprite.h:16:2: error: 'GLfloat' does not name a type
jni/../../../../WoflSprite.h:25:3: error: 'GLuint' does not name a type
jni/../../../../WoflSprite.h:26:3: error: 'GLuint' does not name a type
jni/../../../../WoflSprite.cpp: In constructor 'WoflImage::WoflImage(char const*, float, float, float, float)':
jni/../../../../WoflSprite.cpp:27:81: error: 'struct WoflImage::Info' has no member named 'Width'
jni/../../../../WoflSprite.cpp:27:93: error: 'struct WoflImage::Info' has no member named 'Height'
jni/../../../../WoflSprite.cpp:32:4: error: 'Texture' was not declared in this scope
jni/../../../../WoflSprite.cpp:37:3: error: 'struct WoflImage::Info' has no member named 'Texture'
jni/../../../../WoflSprite.cpp:37:3: error: 'glGenTextures' was not declared in this scope
jni/../../../../WoflSprite.cpp:37:3: error: 'GLenum' was not declared in this scope
jni/../../../../WoflSprite.cpp:37:3: error: expected ';' before 'E'
jni/../../../../WoflSprite.cpp:37:3: error: 'E' was not declared in this scope
jni/../../../../WoflSprite.cpp:39:3: error: 'GL_TEXTURE_2D' was not declared in this scope
jni/../../../../WoflSprite.cpp:39:3: error: 'struct WoflImage::Info' has no member named 'Texture'
jni/../../../../WoflSprite.cpp:39:3: error: 'glBindTexture' was not declared in this scope
jni/../../../../WoflSprite.cpp:39:3: error: 'GLenum' was not declared in this scope
jni/../../../../WoflSprite.cpp:39:3: error: expected ';' before 'E'
jni/../../../../WoflSprite.cpp:39:3: error: 'E' was not declared in this scope
jni/../../../../WoflSprite.cpp:41:3: error: 'GL_TEXTURE_MIN_FILTER' was not declared in this scope
jni/../../../../WoflSprite.cpp:41:3: error: 'GL_LINEAR' was not declared in this scope
jni/../../../../WoflSprite.cpp:41:3: error: 'glTexParameteri' was not declared in this scope
jni/../../../../WoflSprite.cpp:41:3: error: 'GLenum' was not declared in this scope
jni/../../../../WoflSprite.cpp:41:3: error: expected ';' before 'E'
jni/../../../../WoflSprite.cpp:41:3: error: 'E' was not declared in this scope
jni/../../../../WoflSprite.cpp:43:3: error: 'GL_RGBA' was not declared in this scope
jni/../../../../WoflSprite.cpp:43:3: error: 'struct WoflImage::Info' has no member named 'Width'
jni/../../../../WoflSprite.cpp:43:3: error: 'struct WoflImage::Info' has no member named 'Height'
jni/../../../../WoflSprite.cpp:43:3: error: 'GL_UNSIGNED_BYTE' was not declared in this scope
jni/../../../../WoflSprite.cpp:43:3: error: 'glTexImage2D' was not declared in this scope
jni/../../../../WoflSprite.cpp:43:3: error: 'GLenum' was not declared in this scope
jni/../../../../WoflSprite.cpp:43:3: error: expected ';' before 'E'
jni/../../../../WoflSprite.cpp:43:3: error: 'E' was not declared in this scope
jni/../../../../WoflSprite.cpp:58:2: error: 'Texture' was not declared in this scope
jni/../../../../WoflSprite.cpp:58:17: error: 'struct WoflImage::Info' has no member named 'Texture'
jni/../../../../WoflSprite.cpp:61:2: error: 'UVScaleBias' was not declared in this scope
jni/../../../../WoflSprite.cpp:61:63: error: 'struct WoflImage::Info' has no member named 'Width'
jni/../../../../WoflSprite.cpp:62:63: error: 'struct WoflImage::Info' has no member named 'Height'
jni/../../../../WoflSprite.cpp:63:51: error: 'struct WoflImage::Info' has no member named 'Width'
jni/../../../../WoflSprite.cpp:64:51: error: 'struct WoflImage::Info' has no member named 'Height'
make: *** [obj/local/armeabi/objs/Scrolly/WoflSprite.o] Error 1

**** Build Finished ****

**** Build of configuration Default for project ScrollyActivity ****

/Users/joshbadams/Documents/dev/Android/android-ndk-r9c/ndk-build all 
[armeabi] Compile++ thumb: Scrolly <= WoflApp.cpp
[armeabi] Compile++ thumb: Scrolly <= WoflRenderer.cpp
[armeabi] Compile++ thumb: Scrolly <= WoflSprite.cpp
[armeabi] Compile++ thumb: Scrolly <= WoflWorld.cpp
jni/../../../../WoflWorld.cpp: In member function 'WoflSprite* WoflWorld::HitTest(Vector)':
jni/../../../../WoflWorld.cpp:82:12: error: 'It' does not name a type
jni/../../../../WoflWorld.cpp:82:32: error: expected ';' before 'It'
jni/../../../../WoflWorld.cpp:82:32: error: 'It' was not declared in this scope
make: *** [obj/local/armeabi/objs/Scrolly/WoflWorld.o] Error 1

**** Build Finished ****

**** Build of configuration Default for project ScrollyActivity ****

/Users/joshbadams/Documents/dev/Android/android-ndk-r9c/ndk-build all 
[armeabi] Compile++ thumb: Scrolly <= Utils.cpp
[armeabi] Compile++ thumb: Scrolly <= WoflApp.cpp
[armeabi] Compile++ thumb: Scrolly <= WoflGame.cpp
[armeabi] Compile++ thumb: Scrolly <= WoflInput.cpp
[armeabi] Compile++ thumb: Scrolly <= WoflRenderer.cpp
[armeabi] Compile++ thumb: Scrolly <= WoflSprite.cpp
[armeabi] Compile++ thumb: Scrolly <= WoflWorld.cpp
[armeabi] Compile++ thumb: Scrolly <= ScrollyGame.cpp
In file included from jni/../../../../Scrolly/ScrollyGame.cpp:8:0:
jni/../../../../Scrolly/ScrollyGame.h:49:35: error: expected ';' at end of member declaration
jni/../../../../Scrolly/ScrollyGame.h:49:37: error: 'override' does not name a type
jni/../../../../Scrolly/ScrollyGame.h:51:26: error: expected ';' at end of member declaration
jni/../../../../Scrolly/ScrollyGame.h:51:28: error: 'override' does not name a type
make: *** [obj/local/armeabi/objs/Scrolly/Scrolly/ScrollyGame.o] Error 1

**** Build Finished ****

**** Build of configuration Default for project ScrollyActivity ****

/Users/joshbadams/Documents/dev/Android/android-ndk-r9c/ndk-build all 
[armeabi] Compile++ thumb: Scrolly <= ScrollyGame.cpp
In file included from jni/../../../../Scrolly/ScrollyGame.cpp:8:0:
jni/../../../../Scrolly/ScrollyGame.h:49:35: error: expected ';' at end of member declaration
jni/../../../../Scrolly/ScrollyGame.h:49:37: error: 'override' does not name a type
jni/../../../../Scrolly/ScrollyGame.h:51:26: error: expected ';' at end of member declaration
jni/../../../../Scrolly/ScrollyGame.h:51:28: error: 'override' does not name a type
make: *** [obj/local/armeabi/objs/Scrolly/Scrolly/ScrollyGame.o] Error 1

**** Build Finished ****

**** Build of configuration Default for project ScrollyActivity ****

/Users/joshbadams/Documents/dev/Android/android-ndk-r9c/ndk-build all 
[armeabi] Compile++ thumb: Scrolly <= Utils.cpp
[armeabi] Compile++ thumb: Scrolly <= WoflApp.cpp
[armeabi] Compile++ thumb: Scrolly <= WoflGame.cpp
[armeabi] Compile++ thumb: Scrolly <= WoflInput.cpp
[armeabi] Compile++ thumb: Scrolly <= WoflRenderer.cpp
[armeabi] Compile++ thumb: Scrolly <= WoflSprite.cpp
[armeabi] Compile++ thumb: Scrolly <= WoflWorld.cpp
[armeabi] Compile++ thumb: Scrolly <= ScrollyGame.cpp
[armeabi] SharedLibrary  : libScrolly.so
[armeabi] Install        : libScrolly.so => libs/armeabi/libScrolly.so

**** Build Finished ****

**** Build of configuration Default for project ScrollyActivity ****

/Users/joshbadams/Documents/dev/Android/android-ndk-r9c/ndk-build all 
[armeabi] Compile++ thumb: Scrolly <= Utils.cpp
[armeabi] Compile++ thumb: Scrolly <= WoflApp.cpp
[armeabi] Compile++ thumb: Scrolly <= WoflGame.cpp
[armeabi] Compile++ thumb: Scrolly <= WoflInput.cpp
[armeabi] Compile++ thumb: Scrolly <= WoflRenderer.cpp
[armeabi] Compile++ thumb: Scrolly <= WoflSprite.cpp
[armeabi] Compile++ thumb: Scrolly <= WoflWorld.cpp
[armeabi] Compile++ thumb: Scrolly <= AndroidSupport.cpp
jni/../../../../Android/AndroidSupport.cpp:10:10: fatal error: 'iOSFile.h' file not found
#include "iOSFile.h"
         ^
1 error generated.
make: *** [obj/local/armeabi/objs/Scrolly/Android/AndroidSupport.o] Error 1

**** Build Finished ****

**** Build of configuration Default for project ScrollyActivity ****

/Users/joshbadams/Documents/dev/Android/android-ndk-r9c/ndk-build all 
[armeabi] Compile++ thumb: Scrolly <= AndroidSupport.cpp
In file included from jni/../../../../Android/AndroidSupport.cpp:10:
jni/../../../../Android/AndroidFile.h:18:2: error: C++ requires a type specifier for all declarations
        iOSFile()
        ^~~~~~~
jni/../../../../Android/AndroidFile.h:26:17: error: missing terminating '"' character [-Werror,-Winvalid-pp-token]
                return string("/mnt/sdcard/string(Filename)
                              ^
jni/../../../../Android/AndroidFile.h:19:3: error: only constructors take base initializers
                : WoflFile()
                ^
jni/../../../../Android/AndroidFile.h:26:17: error: expected expression
                return string("/mnt/sdcard/string(Filename)
                              ^
jni/../../../../Android/AndroidFile.h:28:3: error: unknown type name 'NSString'
                NSString* Path = [[NSBundle mainBundle]
                ^
jni/../../../../Android/AndroidFile.h:28:21: error: expected variable name or 'this' in lambda capture list
                NSString* Path = [[NSBundle mainBundle]
                                  ^
jni/../../../../Android/AndroidFile.h:33:16: error: expected ',' or ']' in lambda capture list
                return [Path UTF8String];
                             ^
jni/../../../../Android/AndroidFile.h:38:3: error: unknown type name 'NSString'
                NSString* PathStr =[NSString stringWithCString:Path encoding:NSUTF8StringEncoding];
                ^
jni/../../../../Android/AndroidFile.h:38:32: error: expected ',' or ']' in lambda capture list
                NSString* PathStr =[NSString stringWithCString:Path encoding:NSUTF8StringEncoding];
                                             ^
jni/../../../../Android/AndroidFile.h:39:3: error: unknown type name 'NSString'
                NSString* Contents = [NSString stringWithContentsOfFile:PathStr encoding:NSUTF8StringEncoding error:nil];
                ^
jni/../../../../Android/AndroidFile.h:39:34: error: expected ',' or ']' in lambda capture list
                NSString* Contents = [NSString stringWithContentsOfFile:PathStr encoding:NSUTF8StringEncoding error:nil];
                                               ^
jni/../../../../Android/AndroidFile.h:40:29: error: expected ',' or ']' in lambda capture list
                if (Contents && [Contents length] > 0)
                                          ^
jni/../../../../Android/AndroidFile.h:51:3: error: unknown type name 'NSString'
                NSString* PathStr =[NSString stringWithCString:Path encoding:NSUTF8StringEncoding];
                ^
jni/../../../../Android/AndroidFile.h:51:32: error: expected ',' or ']' in lambda capture list
                NSString* PathStr =[NSString stringWithCString:Path encoding:NSUTF8StringEncoding];
                                             ^
jni/../../../../Android/AndroidFile.h:52:3: error: unknown type name 'NSMutableData'
                NSMutableData* Contents = [NSMutableData dataWithContentsOfFile:PathStr];
                ^
jni/../../../../Android/AndroidFile.h:52:44: error: expected ',' or ']' in lambda capture list
                NSMutableData* Contents = [NSMutableData dataWithContentsOfFile:PathStr];
                                                         ^
jni/../../../../Android/AndroidFile.h:61:14: error: expected ',' or ']' in lambda capture list
                        [Contents setLength:0];
                                  ^
jni/../../../../Android/AndroidFile.h:65:9: error: expected expression
                NSLog(@"Failed to load %@", PathStr);
                      ^
jni/../../../../Android/AndroidFile.h:73:3: error: unknown type name 'UIImage'
                UIImage* Image = [UIImage imageNamed:[NSString stringWithCString:ImageName encoding:NSUTF8StringEncoding]];
                ^
fatal error: too many errors emitted, stopping now [-ferror-limit=]
20 errors generated.
make: *** [obj/local/armeabi/objs/Scrolly/Android/AndroidSupport.o] Error 1

**** Build Finished ****

**** Build of configuration Default for project ScrollyActivity ****

/Users/joshbadams/Documents/dev/Android/android-ndk-r9c/ndk-build all 
[armeabi] Compile++ thumb: Scrolly <= AndroidSupport.cpp
In file included from jni/../../../../Android/AndroidSupport.cpp:10:
jni/../../../../Android/AndroidFile.h:26:17: error: missing terminating '"' character [-Werror,-Winvalid-pp-token]
                return string("/mnt/sdcard/string(Filename)
                              ^
jni/../../../../Android/AndroidFile.h:26:17: error: expected expression
jni/../../../../Android/AndroidFile.h:28:3: error: unknown type name 'NSString'
                NSString* Path = [[NSBundle mainBundle]
                ^
jni/../../../../Android/AndroidFile.h:28:21: error: expected variable name or 'this' in lambda capture list
                NSString* Path = [[NSBundle mainBundle]
                                  ^
jni/../../../../Android/AndroidFile.h:33:16: error: expected ',' or ']' in lambda capture list
                return [Path UTF8String];
                             ^
jni/../../../../Android/AndroidFile.h:38:3: error: unknown type name 'NSString'
                NSString* PathStr =[NSString stringWithCString:Path encoding:NSUTF8StringEncoding];
                ^
jni/../../../../Android/AndroidFile.h:38:32: error: expected ',' or ']' in lambda capture list
                NSString* PathStr =[NSString stringWithCString:Path encoding:NSUTF8StringEncoding];
                                             ^
jni/../../../../Android/AndroidFile.h:39:3: error: unknown type name 'NSString'
                NSString* Contents = [NSString stringWithContentsOfFile:PathStr encoding:NSUTF8StringEncoding error:nil];
                ^
jni/../../../../Android/AndroidFile.h:39:34: error: expected ',' or ']' in lambda capture list
                NSString* Contents = [NSString stringWithContentsOfFile:PathStr encoding:NSUTF8StringEncoding error:nil];
                                               ^
jni/../../../../Android/AndroidFile.h:40:29: error: expected ',' or ']' in lambda capture list
                if (Contents && [Contents length] > 0)
                                          ^
jni/../../../../Android/AndroidFile.h:51:3: error: unknown type name 'NSString'
                NSString* PathStr =[NSString stringWithCString:Path encoding:NSUTF8StringEncoding];
                ^
jni/../../../../Android/AndroidFile.h:51:32: error: expected ',' or ']' in lambda capture list
                NSString* PathStr =[NSString stringWithCString:Path encoding:NSUTF8StringEncoding];
                                             ^
jni/../../../../Android/AndroidFile.h:52:3: error: unknown type name 'NSMutableData'
                NSMutableData* Contents = [NSMutableData dataWithContentsOfFile:PathStr];
                ^
jni/../../../../Android/AndroidFile.h:52:44: error: expected ',' or ']' in lambda capture list
                NSMutableData* Contents = [NSMutableData dataWithContentsOfFile:PathStr];
                                                         ^
jni/../../../../Android/AndroidFile.h:61:14: error: expected ',' or ']' in lambda capture list
                        [Contents setLength:0];
                                  ^
jni/../../../../Android/AndroidFile.h:65:9: error: expected expression
                NSLog(@"Failed to load %@", PathStr);
                      ^
jni/../../../../Android/AndroidFile.h:73:3: error: unknown type name 'UIImage'
                UIImage* Image = [UIImage imageNamed:[NSString stringWithCString:ImageName encoding:NSUTF8StringEncoding]];
                ^
jni/../../../../Android/AndroidFile.h:73:29: error: expected ',' or ']' in lambda capture list
                UIImage* Image = [UIImage imageNamed:[NSString stringWithCString:ImageName encoding:NSUTF8StringEncoding]];
                                          ^
jni/../../../../Android/AndroidFile.h:76:18: error: expected ',' or ']' in lambda capture list
                Width = [Image size].width;
                               ^
fatal error: too many errors emitted, stopping now [-ferror-limit=]
20 errors generated.
make: *** [obj/local/armeabi/objs/Scrolly/Android/AndroidSupport.o] Error 1

**** Build Finished ****

**** Build of configuration Default for project ScrollyActivity ****

/Users/joshbadams/Documents/dev/Android/android-ndk-r9c/ndk-build all 
[armeabi] Compile++ thumb: Scrolly <= AndroidSupport.cpp
In file included from jni/../../../../Android/AndroidSupport.cpp:10:
jni/../../../../Android/AndroidFile.h:26:32: error: invalid operands to binary expression ('const char *' and 'const char *')
                return string("/mnt/sdcard/" + Filename;
                              ~~~~~~~~~~~~~~ ^ ~~~~~~~~
jni/../../../../Android/AndroidFile.h:45:9: error: expected expression
                NSLog(@"Failed to load %@", PathStr);
                      ^
jni/../../../../Android/AndroidFile.h:65:9: error: expected expression
                NSLog(@"Failed to load %@", PathStr);
                      ^
jni/../../../../Android/AndroidFile.h:98:2: error: #endif without #if
#endif
 ^
In file included from jni/../../../../Android/AndroidSupport.cpp:12:
jni/../../../../Android/AndroidPlatform.h:32:2: error: unknown type name 'NSTimeInterval'
        NSTimeInterval StartTime;
        ^
jni/../../../../Android/AndroidPlatform.h:21:23: error: expected ',' or ']' in lambda capture list
                StartTime = [NSDate timeIntervalSinceReferenceDate];
                                    ^
jni/../../../../Android/AndroidPlatform.h:26:18: error: expected ',' or ']' in lambda capture list
                return [NSDate timeIntervalSinceReferenceDate] - StartTime;
                               ^
jni/../../../../Android/AndroidSupport.cpp:15:1: error: unknown type name 'AndroidInput'
AndroidInput Singleton_AndroidInput;
^
jni/../../../../Android/AndroidSupport.cpp:16:1: error: unknown type name 'AndroidPlatform'
AndroidPlatform Singleton_AndroidPlatform;
^
9 errors generated.
make: *** [obj/local/armeabi/objs/Scrolly/Android/AndroidSupport.o] Error 1

**** Build Finished ****

**** Build of configuration Default for project ScrollyActivity ****

/Users/joshbadams/Documents/dev/Android/android-ndk-r9c/ndk-build all 
[armeabi] Compile++ thumb: Scrolly <= AndroidSupport.cpp
In file included from jni/../../../../Android/AndroidSupport.cpp:10:
jni/../../../../Android/AndroidFile.h:45:9: error: expected expression
                NSLog(@"Failed to load %@", PathStr);
                      ^
jni/../../../../Android/AndroidFile.h:65:9: error: expected expression
                NSLog(@"Failed to load %@", PathStr);
                      ^
In file included from jni/../../../../Android/AndroidSupport.cpp:12:
jni/../../../../Android/AndroidPlatform.h:32:2: error: unknown type name 'NSTimeInterval'
        NSTimeInterval StartTime;
        ^
jni/../../../../Android/AndroidPlatform.h:21:23: error: expected ',' or ']' in lambda capture list
                StartTime = [NSDate timeIntervalSinceReferenceDate];
                                    ^
jni/../../../../Android/AndroidPlatform.h:26:18: error: expected ',' or ']' in lambda capture list
                return [NSDate timeIntervalSinceReferenceDate] - StartTime;
                               ^
jni/../../../../Android/AndroidSupport.cpp:15:1: error: unknown type name 'AndroidInput'
AndroidInput Singleton_AndroidInput;
^
jni/../../../../Android/AndroidSupport.cpp:16:1: error: unknown type name 'AndroidPlatform'
AndroidPlatform Singleton_AndroidPlatform;
^
7 errors generated.
make: *** [obj/local/armeabi/objs/Scrolly/Android/AndroidSupport.o] Error 1

**** Build Finished ****

**** Build of configuration Default for project ScrollyActivity ****

/Users/joshbadams/Documents/dev/Android/android-ndk-r9c/ndk-build all 
[armeabi] Compile++ thumb: Scrolly <= AndroidSupport.cpp
In file included from jni/../../../../Android/AndroidSupport.cpp:12:
jni/../../../../Android/AndroidPlatform.h:32:2: error: unknown type name 'NSTimeInterval'
        NSTimeInterval StartTime;
        ^
jni/../../../../Android/AndroidPlatform.h:21:23: error: expected ',' or ']' in lambda capture list
                StartTime = [NSDate timeIntervalSinceReferenceDate];
                                    ^
jni/../../../../Android/AndroidPlatform.h:26:18: error: expected ',' or ']' in lambda capture list
                return [NSDate timeIntervalSinceReferenceDate] - StartTime;
                               ^
jni/../../../../Android/AndroidSupport.cpp:15:1: error: unknown type name 'AndroidInput'
AndroidInput Singleton_AndroidInput;
^
jni/../../../../Android/AndroidSupport.cpp:16:1: error: unknown type name 'AndroidPlatform'
AndroidPlatform Singleton_AndroidPlatform;
^
5 errors generated.
make: *** [obj/local/armeabi/objs/Scrolly/Android/AndroidSupport.o] Error 1

**** Build Finished ****

**** Build of configuration Default for project ScrollyActivity ****

/Users/joshbadams/Documents/dev/Android/android-ndk-r9c/ndk-build all 
[armeabi] Compile++ thumb: Scrolly <= AndroidSupport.cpp
In file included from jni/../../../../Android/AndroidSupport.cpp:12:
jni/../../../../Android/AndroidPlatform.h:25:3: error: use of undeclared identifier 'retrun'; did you mean 'return'?
                retrun 0;
                ^
jni/../../../../Android/AndroidSupport.cpp:15:1: error: unknown type name 'AndroidInput'
AndroidInput Singleton_AndroidInput;
^
2 errors generated.
make: *** [obj/local/armeabi/objs/Scrolly/Android/AndroidSupport.o] Error 1

**** Build Finished ****

**** Build of configuration Default for project ScrollyActivity ****

/Users/joshbadams/Documents/dev/Android/android-ndk-r9c/ndk-build all 
[armeabi] Compile++ thumb: Scrolly <= AndroidSupport.cpp
[armeabi] Compile++ thumb: Scrolly <= ScrollyGame.cpp
[armeabi] SharedLibrary  : libScrolly.so
[armeabi] Install        : libScrolly.so => libs/armeabi/libScrolly.so

**** Build Finished ****

**** Build of configuration Default for project ScrollyActivity ****

/Users/joshbadams/Documents/dev/Android/android-ndk-r9c/ndk-build all 
[armeabi] Compile++ thumb: Scrolly <= Utils.cpp
In file included from <built-in>:163:
In file included from <command line>:5:
In file included from jni/../../../../Wofl-Prefix.pch:23:
In file included from /Users/joshbadams/Documents/dev/Android/android-ndk-r9c/sources/cxx-stl/stlport/stlport/string:29:
In file included from /Users/joshbadams/Documents/dev/Android/android-ndk-r9c/sources/cxx-stl/stlport/stlport/stl/_string.h:23:
In file included from /Users/joshbadams/Documents/dev/Android/android-ndk-r9c/sources/cxx-stl/stlport/stlport/stl/_alloc.h:47:
In file included from /Users/joshbadams/Documents/dev/Android/android-ndk-r9c/sources/cxx-stl/stlport/stlport/stl/_new.h:114:
In file included from /Users/joshbadams/Documents/dev/Android/android-ndk-r9c/sources/cxx-stl/stlport/stlport/stl/_cstdio.h:34:
In file included from /Users/joshbadams/Documents/dev/Android/android-ndk-r9c/sources/cxx-stl/stlport/stlport/stdio.h:35:
/Users/joshbadams/Documents/dev/Android/android-ndk-r9c/platforms/android-9/arch-arm/usr/include/../include/stdio.h:234:6: error: use of undeclared identifier 'ANDROID_LOG_VERBOSE'
int      printf(const char *, ...);
         ^
jni/../../../../Wofl-Prefix.pch:20:41: note: expanded from macro 'printf'
#define printf(...) __android_log_print(ANDROID_LOG_VERBOSE, LOG_TAG, __VA_ARGS__)
                                        ^
In file included from <built-in>:163:
In file included from <command line>:5:
In file included from jni/../../../../Wofl-Prefix.pch:23:
In file included from /Users/joshbadams/Documents/dev/Android/android-ndk-r9c/sources/cxx-stl/stlport/stlport/string:29:
In file included from /Users/joshbadams/Documents/dev/Android/android-ndk-r9c/sources/cxx-stl/stlport/stlport/stl/_string.h:23:
In file included from /Users/joshbadams/Documents/dev/Android/android-ndk-r9c/sources/cxx-stl/stlport/stlport/stl/_alloc.h:47:
In file included from /Users/joshbadams/Documents/dev/Android/android-ndk-r9c/sources/cxx-stl/stlport/stlport/stl/_new.h:114:
/Users/joshbadams/Documents/dev/Android/android-ndk-r9c/sources/cxx-stl/stlport/stlport/stl/_cstdio.h:101:26: error: no member named 'printf' in the global namespace
using _STLP_VENDOR_CSTD::printf;
                       ~~^
2 errors generated.
make: *** [obj/local/armeabi/objs/Scrolly/Utils.o] Error 1

**** Build Finished ****

**** Build of configuration Default for project ScrollyActivity ****

/Users/joshbadams/Documents/dev/Android/android-ndk-r9c/ndk-build all 
[armeabi] Compile++ thumb: Scrolly <= Utils.cpp
In file included from <built-in>:163:
In file included from <command line>:5:
In file included from jni/../../../../Wofl-Prefix.pch:24:
In file included from /Users/joshbadams/Documents/dev/Android/android-ndk-r9c/sources/cxx-stl/stlport/stlport/string:29:
In file included from /Users/joshbadams/Documents/dev/Android/android-ndk-r9c/sources/cxx-stl/stlport/stlport/stl/_string.h:23:
In file included from /Users/joshbadams/Documents/dev/Android/android-ndk-r9c/sources/cxx-stl/stlport/stlport/stl/_alloc.h:47:
In file included from /Users/joshbadams/Documents/dev/Android/android-ndk-r9c/sources/cxx-stl/stlport/stlport/stl/_new.h:114:
In file included from /Users/joshbadams/Documents/dev/Android/android-ndk-r9c/sources/cxx-stl/stlport/stlport/stl/_cstdio.h:34:
In file included from /Users/joshbadams/Documents/dev/Android/android-ndk-r9c/sources/cxx-stl/stlport/stlport/stdio.h:35:
/Users/joshbadams/Documents/dev/Android/android-ndk-r9c/platforms/android-9/arch-arm/usr/include/../include/stdio.h:234:6: error: redefinition of '__android_log_print' as different kind of symbol
int      printf(const char *, ...);
         ^
jni/../../../../Wofl-Prefix.pch:21:21: note: expanded from macro 'printf'
#define printf(...) __android_log_print(ANDROID_LOG_VERBOSE, LOG_TAG, __VA_ARGS__)
                    ^
/Users/joshbadams/Documents/dev/Android/android-ndk-r9c/platforms/android-9/arch-arm/usr/include/android/log.h:99:5: note: previous definition is here
int __android_log_print(int prio, const char *tag,  const char *fmt, ...)
    ^
In file included from <built-in>:163:
In file included from <command line>:5:
In file included from jni/../../../../Wofl-Prefix.pch:24:
In file included from /Users/joshbadams/Documents/dev/Android/android-ndk-r9c/sources/cxx-stl/stlport/stlport/string:29:
In file included from /Users/joshbadams/Documents/dev/Android/android-ndk-r9c/sources/cxx-stl/stlport/stlport/stl/_string.h:23:
In file included from /Users/joshbadams/Documents/dev/Android/android-ndk-r9c/sources/cxx-stl/stlport/stlport/stl/_alloc.h:47:
In file included from /Users/joshbadams/Documents/dev/Android/android-ndk-r9c/sources/cxx-stl/stlport/stlport/stl/_new.h:114:
In file included from /Users/joshbadams/Documents/dev/Android/android-ndk-r9c/sources/cxx-stl/stlport/stlport/stl/_cstdio.h:34:
In file included from /Users/joshbadams/Documents/dev/Android/android-ndk-r9c/sources/cxx-stl/stlport/stlport/stdio.h:35:
/Users/joshbadams/Documents/dev/Android/android-ndk-r9c/platforms/android-9/arch-arm/usr/include/../include/stdio.h:234:13: error: expected expression
int      printf(const char *, ...);
                ^
jni/../../../../Wofl-Prefix.pch:21:71: note: expanded from macro 'printf'
#define printf(...) __android_log_print(ANDROID_LOG_VERBOSE, LOG_TAG, __VA_ARGS__)
                                                                      ^
In file included from <built-in>:163:
In file included from <command line>:5:
In file included from jni/../../../../Wofl-Prefix.pch:24:
In file included from /Users/joshbadams/Documents/dev/Android/android-ndk-r9c/sources/cxx-stl/stlport/stlport/string:29:
In file included from /Users/joshbadams/Documents/dev/Android/android-ndk-r9c/sources/cxx-stl/stlport/stlport/stl/_string.h:23:
In file included from /Users/joshbadams/Documents/dev/Android/android-ndk-r9c/sources/cxx-stl/stlport/stlport/stl/_alloc.h:47:
In file included from /Users/joshbadams/Documents/dev/Android/android-ndk-r9c/sources/cxx-stl/stlport/stlport/stl/_new.h:114:
/Users/joshbadams/Documents/dev/Android/android-ndk-r9c/sources/cxx-stl/stlport/stlport/stl/_cstdio.h:101:26: error: no member named 'printf' in the global namespace
using _STLP_VENDOR_CSTD::printf;
                       ~~^
3 errors generated.
make: *** [obj/local/armeabi/objs/Scrolly/Utils.o] Error 1

**** Build Finished ****

**** Build of configuration Default for project ScrollyActivity ****

/Users/joshbadams/Documents/dev/Android/android-ndk-r9c/ndk-build all 
[armeabi] Compile++ thumb: Scrolly <= Utils.cpp
In file included from <built-in>:163:
In file included from <command line>:5:
In file included from jni/../../../../Wofl-Prefix.pch:24:
In file included from /Users/joshbadams/Documents/dev/Android/android-ndk-r9c/sources/cxx-stl/stlport/stlport/string:29:
In file included from /Users/joshbadams/Documents/dev/Android/android-ndk-r9c/sources/cxx-stl/stlport/stlport/stl/_string.h:23:
In file included from /Users/joshbadams/Documents/dev/Android/android-ndk-r9c/sources/cxx-stl/stlport/stlport/stl/_alloc.h:47:
In file included from /Users/joshbadams/Documents/dev/Android/android-ndk-r9c/sources/cxx-stl/stlport/stlport/stl/_new.h:114:
In file included from /Users/joshbadams/Documents/dev/Android/android-ndk-r9c/sources/cxx-stl/stlport/stlport/stl/_cstdio.h:34:
In file included from /Users/joshbadams/Documents/dev/Android/android-ndk-r9c/sources/cxx-stl/stlport/stlport/stdio.h:35:
/Users/joshbadams/Documents/dev/Android/android-ndk-r9c/platforms/android-9/arch-arm/usr/include/../include/stdio.h:234:6: error: redefinition of '__android_log_print' as different kind of symbol
int      printf(const char *, ...);
         ^
jni/../../../../Wofl-Prefix.pch:21:21: note: expanded from macro 'printf'
#define printf(...) __android_log_print(ANDROID_LOG_VERBOSE, LOG_TAG, __VA_ARGS__)
                    ^
/Users/joshbadams/Documents/dev/Android/android-ndk-r9c/platforms/android-9/arch-arm/usr/include/android/log.h:99:5: note: previous definition is here
int __android_log_print(int prio, const char *tag,  const char *fmt, ...)
    ^
In file included from <built-in>:163:
In file included from <command line>:5:
In file included from jni/../../../../Wofl-Prefix.pch:24:
In file included from /Users/joshbadams/Documents/dev/Android/android-ndk-r9c/sources/cxx-stl/stlport/stlport/string:29:
In file included from /Users/joshbadams/Documents/dev/Android/android-ndk-r9c/sources/cxx-stl/stlport/stlport/stl/_string.h:23:
In file included from /Users/joshbadams/Documents/dev/Android/android-ndk-r9c/sources/cxx-stl/stlport/stlport/stl/_alloc.h:47:
In file included from /Users/joshbadams/Documents/dev/Android/android-ndk-r9c/sources/cxx-stl/stlport/stlport/stl/_new.h:114:
In file included from /Users/joshbadams/Documents/dev/Android/android-ndk-r9c/sources/cxx-stl/stlport/stlport/stl/_cstdio.h:34:
In file included from /Users/joshbadams/Documents/dev/Android/android-ndk-r9c/sources/cxx-stl/stlport/stlport/stdio.h:35:
/Users/joshbadams/Documents/dev/Android/android-ndk-r9c/platforms/android-9/arch-arm/usr/include/../include/stdio.h:234:13: error: expected expression
int      printf(const char *, ...);
                ^
jni/../../../../Wofl-Prefix.pch:21:71: note: expanded from macro 'printf'
#define printf(...) __android_log_print(ANDROID_LOG_VERBOSE, LOG_TAG, __VA_ARGS__)
                                                                      ^
In file included from <built-in>:163:
In file included from <command line>:5:
In file included from jni/../../../../Wofl-Prefix.pch:24:
In file included from /Users/joshbadams/Documents/dev/Android/android-ndk-r9c/sources/cxx-stl/stlport/stlport/string:29:
In file included from /Users/joshbadams/Documents/dev/Android/android-ndk-r9c/sources/cxx-stl/stlport/stlport/stl/_string.h:23:
In file included from /Users/joshbadams/Documents/dev/Android/android-ndk-r9c/sources/cxx-stl/stlport/stlport/stl/_alloc.h:47:
In file included from /Users/joshbadams/Documents/dev/Android/android-ndk-r9c/sources/cxx-stl/stlport/stlport/stl/_new.h:114:
/Users/joshbadams/Documents/dev/Android/android-ndk-r9c/sources/cxx-stl/stlport/stlport/stl/_cstdio.h:101:26: error: no member named 'printf' in the global namespace
using _STLP_VENDOR_CSTD::printf;
                       ~~^
3 errors generated.
make: *** [obj/local/armeabi/objs/Scrolly/Utils.o] Error 1

**** Build Finished ****

**** Build of configuration Default for project ScrollyActivity ****

/Users/joshbadams/Documents/dev/Android/android-ndk-r9c/ndk-build all 
[armeabi] Compile++ thumb: Scrolly <= Utils.cpp
[armeabi] Compile++ thumb: Scrolly <= WoflApp.cpp
[armeabi] Compile++ thumb: Scrolly <= WoflGame.cpp
[armeabi] Compile++ thumb: Scrolly <= WoflInput.cpp
[armeabi] Compile++ thumb: Scrolly <= WoflRenderer.cpp
[armeabi] Compile++ thumb: Scrolly <= WoflSprite.cpp
[armeabi] Compile++ thumb: Scrolly <= WoflWorld.cpp
[armeabi] Compile++ thumb: Scrolly <= AndroidLaunch.cpp
jni/../../../../Android/AndroidLaunch.cpp:15:5: error: unknown type name 'JNIEXPORT'
    JNIEXPORT void JNICALL Java_com_moshpit_scrolly_GLES3JNILib_init(JNIEnv* env, jobject obj);
    ^
jni/../../../../Android/AndroidLaunch.cpp:15:15: error: expected unqualified-id
    JNIEXPORT void JNICALL Java_com_moshpit_scrolly_GLES3JNILib_init(JNIEnv* env, jobject obj);
              ^
jni/../../../../Android/AndroidLaunch.cpp:16:5: error: unknown type name 'JNIEXPORT'
    JNIEXPORT void JNICALL Java_com_moshpit_scrolly_GLES3JNILib_resize(JNIEnv* env, jobject obj, jint width, jint height);
    ^
jni/../../../../Android/AndroidLaunch.cpp:16:15: error: expected unqualified-id
    JNIEXPORT void JNICALL Java_com_moshpit_scrolly_GLES3JNILib_resize(JNIEnv* env, jobject obj, jint width, jint height);
              ^
jni/../../../../Android/AndroidLaunch.cpp:17:5: error: unknown type name 'JNIEXPORT'
    JNIEXPORT void JNICALL Java_com_moshpit_scrolly_GLES3JNILib_step(JNIEnv* env, jobject obj);
    ^
jni/../../../../Android/AndroidLaunch.cpp:17:15: error: expected unqualified-id
    JNIEXPORT void JNICALL Java_com_moshpit_scrolly_GLES3JNILib_step(JNIEnv* env, jobject obj);
              ^
jni/../../../../Android/AndroidLaunch.cpp:21:1: error: unknown type name 'JNIEXPORT'
JNIEXPORT void JNICALL
^
jni/../../../../Android/AndroidLaunch.cpp:21:11: error: expected unqualified-id
JNIEXPORT void JNICALL
          ^
jni/../../../../Android/AndroidLaunch.cpp:27:1: error: unknown type name 'JNIEXPORT'
JNIEXPORT void JNICALL
^
jni/../../../../Android/AndroidLaunch.cpp:27:11: error: expected unqualified-id
JNIEXPORT void JNICALL
          ^
jni/../../../../Android/AndroidLaunch.cpp:42:1: error: unknown type name 'JNIEXPORT'
JNIEXPORT void JNICALL
^
jni/../../../../Android/AndroidLaunch.cpp:42:11: error: expected unqualified-id
JNIEXPORT void JNICALL
          ^
12 errors generated.
make: *** [obj/local/armeabi/objs/Scrolly/Android/AndroidLaunch.o] Error 1

**** Build Finished ****

**** Build of configuration Default for project ScrollyActivity ****

/Users/joshbadams/Documents/dev/Android/android-ndk-r9c/ndk-build all 
[armeabi] Compile++ thumb: Scrolly <= AndroidLaunch.cpp
jni/../../../../Android/AndroidLaunch.cpp:33:12: error: no member named 'Initialize' in 'AndroidRenderer'; did you mean 'InitializeGL'?
        Renderer->Initialize(width, height);
                  ^~~~~~~~~~
                  InitializeGL
jni/../../../../WoflRenderer.h:34:7: note: 'InitializeGL' declared here
        void InitializeGL(GLuint InWidth, GLuint InHeight);
             ^
jni/../../../../Android/AndroidLaunch.cpp:35:5: error: use of undeclared identifier 'printGlString'
    printGlString("Version", GL_VERSION);
    ^
jni/../../../../Android/AndroidLaunch.cpp:36:5: error: use of undeclared identifier 'printGlString'
    printGlString("Vendor", GL_VENDOR);
    ^
jni/../../../../Android/AndroidLaunch.cpp:37:5: error: use of undeclared identifier 'printGlString'
    printGlString("Renderer", GL_RENDERER);
    ^
jni/../../../../Android/AndroidLaunch.cpp:38:5: error: use of undeclared identifier 'printGlString'
    printGlString("Extensions", GL_EXTENSIONS);
    ^
jni/../../../../Android/AndroidLaunch.cpp:45:9: error: use of undeclared identifier 'g_renderer'
    if (g_renderer) {
        ^
jni/../../../../Android/AndroidLaunch.cpp:46:9: error: use of undeclared identifier 'g_renderer'
        g_renderer->render();
        ^
7 errors generated.
make: *** [obj/local/armeabi/objs/Scrolly/Android/AndroidLaunch.o] Error 1

**** Build Finished ****

**** Build of configuration Default for project ScrollyActivity ****

/Users/joshbadams/Documents/dev/Android/android-ndk-r9c/ndk-build all 
[armeabi] Compile++ thumb: Scrolly <= Utils.cpp
[armeabi] Compile++ thumb: Scrolly <= WoflApp.cpp
[armeabi] Compile++ thumb: Scrolly <= WoflGame.cpp
[armeabi] Compile++ thumb: Scrolly <= WoflInput.cpp
[armeabi] Compile++ thumb: Scrolly <= WoflRenderer.cpp
[armeabi] Compile++ thumb: Scrolly <= WoflSprite.cpp
[armeabi] Compile++ thumb: Scrolly <= WoflWorld.cpp
[armeabi] Compile++ thumb: Scrolly <= AndroidLaunch.cpp
jni/../../../../Android/AndroidLaunch.cpp:51:9: error: use of undeclared identifier 'g_renderer'
    if (g_renderer) {
        ^
jni/../../../../Android/AndroidLaunch.cpp:52:9: error: use of undeclared identifier 'g_renderer'
        g_renderer->render();
        ^
2 errors generated.
make: *** [obj/local/armeabi/objs/Scrolly/Android/AndroidLaunch.o] Error 1

**** Build Finished ****

**** Build of configuration Default for project ScrollyActivity ****

/Users/joshbadams/Documents/dev/Android/android-ndk-r9c/ndk-build all 
[armeabi] Compile++ thumb: Scrolly <= AndroidLaunch.cpp
[armeabi] Compile++ thumb: Scrolly <= AndroidSupport.cpp
[armeabi] Compile++ thumb: Scrolly <= ScrollyGame.cpp
[armeabi] SharedLibrary  : libScrolly.so
[armeabi] Install        : libScrolly.so => libs/armeabi/libScrolly.so

**** Build Finished ****

**** Build of configuration Default for project ScrollyActivity ****

/Users/joshbadams/Documents/dev/Android/android-ndk-r9c/ndk-build all 
[armeabi] Install        : libScrolly.so => libs/armeabi/libScrolly.so

**** Build Finished ****

**** Build of configuration Default for project ScrollyActivity ****

/Users/joshbadams/Documents/dev/Android/android-ndk-r9c/ndk-build all 
[armeabi] Install        : libScrolly.so => libs/armeabi/libScrolly.so

**** Build Finished ****

**** Build of configuration Default for project ScrollyActivity ****

/Users/joshbadams/Documents/dev/Android/android-ndk-r9c/ndk-build all 
[armeabi] Install        : libScrolly.so => libs/armeabi/libScrolly.so

**** Build Finished ****

**** Build of configuration Default for project ScrollyActivity ****

/Users/joshbadams/Documents/dev/Android/android-ndk-r9c/ndk-build all 
[armeabi] Install        : libScrolly.so => libs/armeabi/libScrolly.so

**** Build Finished ****

**** Build of configuration Default for project ScrollyActivity ****

/Users/joshbadams/Documents/dev/Android/android-ndk-r9c/ndk-build all 
[armeabi] Install        : libScrolly.so => libs/armeabi/libScrolly.so

**** Build Finished ****

**** Clean-only build of configuration Default for project ScrollyActivity ****

/Users/joshbadams/Documents/dev/Android/android-ndk-r9c/ndk-build clean 
[armeabi] Clean          : Scrolly [armeabi]
[armeabi] Clean          : stlport_shared [armeabi]
[armeabi] Clean          : stlport_static [armeabi]

**** Build Finished ****

**** Build of configuration Default for project ScrollyActivity ****

/Users/joshbadams/Documents/dev/Android/android-ndk-r9c/ndk-build all 
[armeabi] Compile++ thumb: Scrolly <= Utils.cpp
[armeabi] Compile++ thumb: Scrolly <= WoflApp.cpp
[armeabi] Compile++ thumb: Scrolly <= WoflGame.cpp
[armeabi] Compile++ thumb: Scrolly <= WoflInput.cpp
[armeabi] Compile++ thumb: Scrolly <= WoflRenderer.cpp
[armeabi] Compile++ thumb: Scrolly <= WoflSprite.cpp
[armeabi] Compile++ thumb: Scrolly <= WoflWorld.cpp
[armeabi] Compile++ thumb: Scrolly <= AndroidLaunch.cpp
[armeabi] Compile++ thumb: Scrolly <= AndroidSupport.cpp
[armeabi] Compile++ thumb: Scrolly <= ScrollyGame.cpp
[armeabi] SharedLibrary  : libScrolly.so
[armeabi] Install        : libScrolly.so => libs/armeabi/libScrolly.so

**** Build Finished ****

**** Build of configuration Default for project ScrollyActivity ****

/Users/joshbadams/Documents/dev/Android/android-ndk-r9c/ndk-build all 
[armeabi] Install        : libScrolly.so => libs/armeabi/libScrolly.so

**** Build Finished ****

**** Build of configuration Default for project ScrollyActivity ****

/Users/joshbadams/Documents/dev/Android/android-ndk-r9c/ndk-build all 
[armeabi] Install        : libScrolly.so => libs/armeabi/libScrolly.so

**** Build Finished ****

**** Build of configuration Default for project ScrollyActivity ****

/Users/joshbadams/Documents/dev/Android/android-ndk-r9c/ndk-build all 
[armeabi] Install        : libScrolly.so => libs/armeabi/libScrolly.so

**** Build Finished ****

**** Build of configuration Default for project ScrollyActivity ****

/Users/joshbadams/Documents/dev/Android/android-ndk-r9c/ndk-build all 
[armeabi] Install        : libScrolly.so => libs/armeabi/libScrolly.so

**** Build Finished ****

**** Build of configuration Default for project ScrollyActivity ****

/Users/joshbadams/Documents/dev/Android/android-ndk-r9c/ndk-build all 
[armeabi] Install        : libScrolly.so => libs/armeabi/libScrolly.so

**** Build Finished ****

**** Build of configuration Default for project ScrollyActivity ****

/Users/joshbadams/Documents/dev/Android/android-ndk-r9c/ndk-build all 
[armeabi] Install        : libScrolly.so => libs/armeabi/libScrolly.so

**** Build Finished ****

**** Build of configuration Default for project ScrollyActivity ****

/Users/joshbadams/Documents/dev/Android/android-ndk-r9c/ndk-build all 
[armeabi] Install        : libScrolly.so => libs/armeabi/libScrolly.so

**** Build Finished ****

**** Build of configuration Default for project ScrollyActivity ****

/Users/joshbadams/Documents/dev/Android/android-ndk-r9c/ndk-build all 
[armeabi] Compile++ thumb: Scrolly <= AndroidLaunch.cpp
[armeabi] SharedLibrary  : libScrolly.so
[armeabi] Install        : libScrolly.so => libs/armeabi/libScrolly.so

**** Build Finished ****

**** Build of configuration Default for project ScrollyActivity ****

/Users/joshbadams/Documents/dev/Android/android-ndk-r9c/ndk-build all 
[armeabi] Install        : libScrolly.so => libs/armeabi/libScrolly.so

**** Build Finished ****

**** Build of configuration Default for project ScrollyActivity ****

/Users/joshbadams/Documents/dev/Android/android-ndk-r9c/ndk-build all 
[armeabi] Install        : libScrolly.so => libs/armeabi/libScrolly.so

**** Build Finished ****

**** Build of configuration Default for project ScrollyActivity ****

/Users/joshbadams/Documents/dev/Android/android-ndk-r9c/ndk-build all 
[armeabi] Compile++ thumb: Scrolly <= AndroidLaunch.cpp
[armeabi] SharedLibrary  : libScrolly.so
[armeabi] Install        : libScrolly.so => libs/armeabi/libScrolly.so

**** Build Finished ****

**** Build of configuration Default for project ScrollyActivity ****

/Users/joshbadams/Documents/dev/Android/android-ndk-r9c/ndk-build all 
[armeabi] Compile++ thumb: Scrolly <= AndroidLaunch.cpp
[armeabi] SharedLibrary  : libScrolly.so
[armeabi] Install        : libScrolly.so => libs/armeabi/libScrolly.so

**** Build Finished ****

**** Build of configuration Default for project ScrollyActivity ****

/Users/joshbadams/Documents/dev/Android/android-ndk-r9c/ndk-build all 
[armeabi] Install        : libScrolly.so => libs/armeabi/libScrolly.so

**** Build Finished ****

**** Build of configuration Default for project ScrollyActivity ****

/Users/joshbadams/Documents/dev/Android/android-ndk-r9c/ndk-build all 
[armeabi] Compile++ thumb: Scrolly <= AndroidLaunch.cpp
jni/../../../../Android/AndroidLaunch.cpp:40:2: error: use of undeclared identifier 'Renderer'
        Renderer->InitializeGL(width, height);
        ^
1 error generated.
make: *** [obj/local/armeabi/objs/Scrolly/Android/AndroidLaunch.o] Error 1

**** Build Finished ****

**** Build of configuration Default for project ScrollyActivity ****

/Users/joshbadams/Documents/dev/Android/android-ndk-r9c/ndk-build all 
[armeabi] Compile++ thumb: Scrolly <= AndroidLaunch.cpp
[armeabi] SharedLibrary  : libScrolly.so
[armeabi] Install        : libScrolly.so => libs/armeabi/libScrolly.so

**** Build Finished ****

**** Build of configuration Default for project ScrollyActivity ****

/Users/joshbadams/Documents/dev/Android/android-ndk-r9c/ndk-build all 
[armeabi] Install        : libScrolly.so => libs/armeabi/libScrolly.so

**** Build Finished ****

**** Build of configuration Default for project ScrollyActivity ****

/Users/joshbadams/Documents/dev/Android/android-ndk-r9c/ndk-build all 
[armeabi] Install        : libScrolly.so => libs/armeabi/libScrolly.so

**** Build Finished ****

**** Build of configuration Default for project ScrollyActivity ****

/Users/joshbadams/Documents/dev/Android/android-ndk-r9c/ndk-build all 
[armeabi] Compile++ thumb: Scrolly <= AndroidSupport.cpp
In file included from jni/../../../../Android/AndroidSupport.cpp:10:
jni/../../../../Android/AndroidFile.h:39:9: error: cannot initialize a variable of type 'char *' with an rvalue of type 'void *'
                char* Buffer = malloc(FileSize);
                      ^        ~~~~~~~~~~~~~~~~
1 error generated.
make: *** [obj/local/armeabi/objs/Scrolly/Android/AndroidSupport.o] Error 1

**** Build Finished ****

**** Build of configuration Default for project ScrollyActivity ****

/Users/joshbadams/Documents/dev/Android/android-ndk-r9c/ndk-build all 
[armeabi] Compile++ thumb: Scrolly <= AndroidSupport.cpp
[armeabi] SharedLibrary  : libScrolly.so
[armeabi] Install        : libScrolly.so => libs/armeabi/libScrolly.so

**** Build Finished ****

**** Build of configuration Default for project ScrollyActivity ****

/Users/joshbadams/Documents/dev/Android/android-ndk-r9c/ndk-build all 
[armeabi] Install        : libScrolly.so => libs/armeabi/libScrolly.so

**** Build Finished ****

**** Build of configuration Default for project ScrollyActivity ****

/Users/joshbadams/Documents/dev/Android/android-ndk-r9c/ndk-build all 
[armeabi] Install        : libScrolly.so => libs/armeabi/libScrolly.so

**** Build Finished ****

**** Clean-only build of configuration Default for project ScrollyActivity ****

/Users/joshbadams/Documents/dev/Android/android-ndk-r9c/ndk-build clean 
[armeabi] Clean          : Scrolly [armeabi]
[armeabi] Clean          : stlport_shared [armeabi]
[armeabi] Clean          : stlport_static [armeabi]

**** Build Finished ****

**** Build of configuration Default for project ScrollyActivity ****

/Users/joshbadams/Documents/dev/Android/android-ndk-r9c/ndk-build all 
[armeabi] Compile++ thumb: Scrolly <= Utils.cpp
[armeabi] Compile++ thumb: Scrolly <= WoflApp.cpp
[armeabi] Compile++ thumb: Scrolly <= WoflGame.cpp
[armeabi] Compile++ thumb: Scrolly <= WoflInput.cpp
[armeabi] Compile++ thumb: Scrolly <= WoflRenderer.cpp
[armeabi] Compile++ thumb: Scrolly <= WoflSprite.cpp
[armeabi] Compile++ thumb: Scrolly <= WoflWorld.cpp
[armeabi] Compile++ thumb: Scrolly <= AndroidLaunch.cpp
[armeabi] Compile++ thumb: Scrolly <= AndroidSupport.cpp
[armeabi] Compile++ thumb: Scrolly <= ScrollyGame.cpp
[armeabi] SharedLibrary  : libScrolly.so
[armeabi] Install        : libScrolly.so => libs/armeabi/libScrolly.so

**** Build Finished ****

**** Build of configuration Default for project ScrollyActivity ****

/Users/joshbadams/Documents/dev/Android/android-ndk-r9c/ndk-build all 
[armeabi] Compile++ thumb: Scrolly <= WoflGame.cpp
[armeabi] Compile++ thumb: Scrolly <= WoflWorld.cpp
[armeabi] Compile++ thumb: Scrolly <= ScrollyGame.cpp
jni/../../../../Scrolly/ScrollyGame.cpp:18:14: error: constructor for 'ScrollyGame' must explicitly initialize the base class 'WoflGame' which does not have a default constructor
ScrollyGame::ScrollyGame()
             ^
jni/../../../../WoflGame.h:11:7: note: 'WoflGame' declared here
class WoflGame
      ^
jni/../../../../Scrolly/ScrollyGame.cpp:41:9: error: value of type 'WoflGame *' is not implicitly convertible to 'int'
                        case Game:
                             ^~~~
jni/../../../../Scrolly/ScrollyGame.cpp:53:18: error: comparison between pointer and integer ('int' and 'WoflGame *')
                if (LayerIndex == Game)
                    ~~~~~~~~~~ ^  ~~~~
jni/../../../../Scrolly/ScrollyGame.cpp:76:26: error: array subscript is not an integer
        int NumGrounds = (Layers[Game]->GetSize().X + 31) / 32 + 1;
                                ^~~~~
jni/../../../../Scrolly/ScrollyGame.cpp:82:9: error: array subscript is not an integer
                Layers[Game]->AddChild(Ground);
                      ^~~~~
5 errors generated.
make: *** [obj/local/armeabi/objs/Scrolly/Scrolly/ScrollyGame.o] Error 1

**** Build Finished ****

**** Build of configuration Default for project ScrollyActivity ****

/Users/joshbadams/Documents/dev/Android/android-ndk-r9c/ndk-build all 
[armeabi] Compile++ thumb: Scrolly <= ScrollyGame.cpp
jni/../../../../Scrolly/ScrollyGame.cpp:42:9: error: value of type 'WoflGame *' is not implicitly convertible to 'int'
                        case Game:
                             ^~~~
jni/../../../../Scrolly/ScrollyGame.cpp:54:18: error: comparison between pointer and integer ('int' and 'WoflGame *')
                if (LayerIndex == Game)
                    ~~~~~~~~~~ ^  ~~~~
jni/../../../../Scrolly/ScrollyGame.cpp:77:26: error: array subscript is not an integer
        int NumGrounds = (Layers[Game]->GetSize().X + 31) / 32 + 1;
                                ^~~~~
jni/../../../../Scrolly/ScrollyGame.cpp:83:9: error: array subscript is not an integer
                Layers[Game]->AddChild(Ground);
                      ^~~~~
4 errors generated.
make: *** [obj/local/armeabi/objs/Scrolly/Scrolly/ScrollyGame.o] Error 1

**** Build Finished ****

**** Build of configuration Default for project ScrollyActivity ****

/Users/joshbadams/Documents/dev/Android/android-ndk-r9c/ndk-build all 
[armeabi] Compile++ thumb: Scrolly <= WoflGame.cpp
[armeabi] Compile++ thumb: Scrolly <= WoflWorld.cpp
[armeabi] Compile++ thumb: Scrolly <= AndroidSupport.cpp
In file included from jni/../../../../Android/AndroidSupport.cpp:10:
jni/../../../../Android/AndroidFile.h:26:35: error: use of undeclared identifier 'WoflGame'
                return string("/mnt/sdcard/") + WoflGame::TheGame->GetGameName() + "/" + Filename;
                                                ^
1 error generated.
make: *** [obj/local/armeabi/objs/Scrolly/Android/AndroidSupport.o] Error 1

**** Build Finished ****

**** Build of configuration Default for project ScrollyActivity ****

/Users/joshbadams/Documents/dev/Android/android-ndk-r9c/ndk-build all 
[armeabi] Compile++ thumb: Scrolly <= AndroidSupport.cpp
[armeabi] Compile++ thumb: Scrolly <= ScrollyGame.cpp
[armeabi] SharedLibrary  : libScrolly.so
[armeabi] Install        : libScrolly.so => libs/armeabi/libScrolly.so

**** Build Finished ****

**** Build of configuration Default for project ScrollyActivity ****

/Users/joshbadams/Documents/dev/Android/android-ndk-r9c/ndk-build all 
[armeabi] Install        : libScrolly.so => libs/armeabi/libScrolly.so

**** Build Finished ****

**** Build of configuration Default for project ScrollyActivity ****

/Users/joshbadams/Documents/dev/Android/android-ndk-r9c/ndk-build all 
[armeabi] Install        : libScrolly.so => libs/armeabi/libScrolly.so

**** Build Finished ****

**** Build of configuration Default for project ScrollyActivity ****

/Users/joshbadams/Documents/dev/Android/android-ndk-r9c/ndk-build all 
[armeabi] Compile++ thumb: Scrolly <= AndroidLaunch.cpp
[armeabi] SharedLibrary  : libScrolly.so
[armeabi] Install        : libScrolly.so => libs/armeabi/libScrolly.so

**** Build Finished ****

**** Build of configuration Default for project ScrollyActivity ****

/Users/joshbadams/Documents/dev/Android/android-ndk-r9c/ndk-build all 
[armeabi] Compile++ thumb: Scrolly <= ScrollyGame.cpp
[armeabi] SharedLibrary  : libScrolly.so
[armeabi] Install        : libScrolly.so => libs/armeabi/libScrolly.so

**** Build Finished ****

**** Build of configuration Default for project ScrollyActivity ****

/Users/joshbadams/Documents/dev/Android/android-ndk-r9c/ndk-build all 
[armeabi] Install        : libScrolly.so => libs/armeabi/libScrolly.so

**** Build Finished ****

**** Build of configuration Default for project ScrollyActivity ****

/Users/joshbadams/Documents/dev/Android/android-ndk-r9c/ndk-build all 
[armeabi] Compile++ thumb: Scrolly <= ScrollyGame.cpp
[armeabi] SharedLibrary  : libScrolly.so
[armeabi] Install        : libScrolly.so => libs/armeabi/libScrolly.so

**** Build Finished ****

**** Build of configuration Default for project ScrollyActivity ****

/Users/joshbadams/Documents/dev/Android/android-ndk-r9c/ndk-build all 
[armeabi] Compile++ thumb: Scrolly <= ScrollyGame.cpp
[armeabi] SharedLibrary  : libScrolly.so
[armeabi] Install        : libScrolly.so => libs/armeabi/libScrolly.so

**** Build Finished ****

**** Build of configuration Default for project ScrollyActivity ****

/Users/joshbadams/Documents/dev/Android/android-ndk-r9c/ndk-build all 
[armeabi] Install        : libScrolly.so => libs/armeabi/libScrolly.so

**** Build Finished ****

**** Build of configuration Default for project ScrollyActivity ****

/Users/joshbadams/Documents/dev/Android/android-ndk-r9c/ndk-build all 
[armeabi] Install        : libScrolly.so => libs/armeabi/libScrolly.so

**** Build Finished ****

**** Build of configuration Default for project ScrollyActivity ****

/Users/joshbadams/Documents/dev/Android/android-ndk-r9c/ndk-build all 
[armeabi] Compile++ thumb: Scrolly <= ScrollyGame.cpp
[armeabi] SharedLibrary  : libScrolly.so
[armeabi] Install        : libScrolly.so => libs/armeabi/libScrolly.so

**** Build Finished ****

**** Build of configuration Default for project ScrollyActivity ****

/Users/joshbadams/Documents/dev/Android/android-ndk-r9c/ndk-build all 
[armeabi] Compile++ thumb: Scrolly <= WoflRenderer.cpp
[armeabi] Compile++ thumb: Scrolly <= WoflSprite.cpp
[armeabi] Compile++ thumb: Scrolly <= ScrollyGame.cpp
[armeabi] SharedLibrary  : libScrolly.so
[armeabi] Install        : libScrolly.so => libs/armeabi/libScrolly.so

**** Build Finished ****

**** Build of configuration Default for project ScrollyActivity ****

/Users/joshbadams/Documents/dev/Android/android-ndk-r9c/ndk-build all 
[armeabi] Compile++ thumb: Scrolly <= AndroidSupport.cpp
[armeabi] SharedLibrary  : libScrolly.so
[armeabi] Install        : libScrolly.so => libs/armeabi/libScrolly.so

**** Build Finished ****

**** Build of configuration Default for project ScrollyActivity ****

/Users/joshbadams/Documents/dev/Android/android-ndk-r9c/ndk-build all 
Android NDK: WARNING:jni/Android.mk:Scrolly: non-system libraries in linker flags: -lpng -lkkk    
Android NDK:     This is likely to result in incorrect builds. Try using LOCAL_STATIC_LIBRARIES    
Android NDK:     or LOCAL_SHARED_LIBRARIES instead to list the library dependencies of the    
Android NDK:     current module    
[armeabi] Compile++ thumb: Scrolly <= Utils.cpp
[armeabi] Compile++ thumb: Scrolly <= WoflApp.cpp
[armeabi] Compile++ thumb: Scrolly <= WoflGame.cpp
[armeabi] Compile++ thumb: Scrolly <= WoflInput.cpp
[armeabi] Compile++ thumb: Scrolly <= WoflRenderer.cpp
[armeabi] Compile++ thumb: Scrolly <= WoflSprite.cpp
[armeabi] Compile++ thumb: Scrolly <= WoflWorld.cpp
[armeabi] Compile++ thumb: Scrolly <= AndroidLaunch.cpp
[armeabi] Compile++ thumb: Scrolly <= AndroidSupport.cpp
[armeabi] Compile++ thumb: Scrolly <= ScrollyGame.cpp
[armeabi] SharedLibrary  : libScrolly.so
/Users/joshbadams/Documents/dev/Android/android-ndk-r9c/toolchains/arm-linux-androideabi-4.8/prebuilt/darwin-x86_64/lib/gcc/arm-linux-androideabi/4.8/../../../../arm-linux-androideabi/bin/ld: error: cannot find -lpng
/Users/joshbadams/Documents/dev/Android/android-ndk-r9c/toolchains/arm-linux-androideabi-4.8/prebuilt/darwin-x86_64/lib/gcc/arm-linux-androideabi/4.8/../../../../arm-linux-androideabi/bin/ld: error: cannot find -lkkk
clang++: error: linker command failed with exit code 1 (use -v to see invocation)
make: *** [obj/local/armeabi/libScrolly.so] Error 1

**** Build Finished ****

**** Build of configuration Default for project ScrollyActivity ****

/Users/joshbadams/Documents/dev/Android/android-ndk-r9c/ndk-build all 
Android NDK: WARNING:jni/Android.mk:Scrolly: non-system libraries in linker flags: -lpng    
Android NDK:     This is likely to result in incorrect builds. Try using LOCAL_STATIC_LIBRARIES    
Android NDK:     or LOCAL_SHARED_LIBRARIES instead to list the library dependencies of the    
Android NDK:     current module    
[armeabi] Compile++ thumb: Scrolly <= Utils.cpp
[armeabi] Compile++ thumb: Scrolly <= WoflApp.cpp
[armeabi] Compile++ thumb: Scrolly <= WoflGame.cpp
[armeabi] Compile++ thumb: Scrolly <= WoflInput.cpp
[armeabi] Compile++ thumb: Scrolly <= WoflRenderer.cpp
[armeabi] Compile++ thumb: Scrolly <= WoflSprite.cpp
[armeabi] Compile++ thumb: Scrolly <= WoflWorld.cpp
[armeabi] Compile++ thumb: Scrolly <= AndroidLaunch.cpp
[armeabi] Compile++ thumb: Scrolly <= AndroidSupport.cpp
[armeabi] Compile++ thumb: Scrolly <= ScrollyGame.cpp
[armeabi] SharedLibrary  : libScrolly.so
/Users/joshbadams/Documents/dev/Android/android-ndk-r9c/toolchains/arm-linux-androideabi-4.8/prebuilt/darwin-x86_64/lib/gcc/arm-linux-androideabi/4.8/../../../../arm-linux-androideabi/bin/ld: error: cannot find -lpng
clang++: error: linker command failed with exit code 1 (use -v to see invocation)
make: *** [obj/local/armeabi/libScrolly.so] Error 1

**** Build Finished ****

**** Build of configuration Default for project ScrollyActivity ****

/Users/joshbadams/Documents/dev/Android/android-ndk-r9c/ndk-build all 
[armeabi] Compile++ thumb: Scrolly <= Utils.cpp
[armeabi] Compile++ thumb: Scrolly <= WoflApp.cpp
[armeabi] Compile++ thumb: Scrolly <= WoflGame.cpp
[armeabi] Compile++ thumb: Scrolly <= WoflInput.cpp
[armeabi] Compile++ thumb: Scrolly <= WoflRenderer.cpp
[armeabi] Compile++ thumb: Scrolly <= WoflSprite.cpp
[armeabi] Compile++ thumb: Scrolly <= WoflWorld.cpp
[armeabi] Compile++ thumb: Scrolly <= AndroidLaunch.cpp
[armeabi] Compile++ thumb: Scrolly <= AndroidSupport.cpp
[armeabi] Compile++ thumb: Scrolly <= ScrollyGame.cpp
[armeabi] SharedLibrary  : libScrolly.so
[armeabi] Install        : libScrolly.so => libs/armeabi/libScrolly.so

**** Build Finished ****

**** Build of configuration Default for project ScrollyActivity ****

/Users/joshbadams/Documents/dev/Android/android-ndk-r9c/ndk-build all 
[armeabi] Install        : libScrolly.so => libs/armeabi/libScrolly.so

**** Build Finished ****

**** Build of configuration Default for project ScrollyActivity ****

/Users/joshbadams/Documents/dev/Android/android-ndk-r9c/ndk-build all 
[armeabi] Install        : libScrolly.so => libs/armeabi/libScrolly.so

**** Build Finished ****

**** Build of configuration Default for project ScrollyActivity ****

/Users/joshbadams/Documents/dev/Android/android-ndk-r9c/ndk-build all 
[armeabi] Compile++ thumb: Scrolly <= AndroidSupport.cpp
In file included from jni/../../../../Android/AndroidSupport.cpp:10:
jni/../../../../Android/AndroidFile.h:78:9: error: redefinition of 'Buffer' with a different type: 'void *' vs 'vector<unsigned char>'
                void* Buffer = malloc(Width * Height * 4);
                      ^
jni/../../../../Android/AndroidFile.h:74:25: note: previous definition is here
                vector<unsigned char> Buffer = LoadFileToArray(Filename.c_str());
                                      ^
jni/../../../../Android/AndroidFile.h:79:10: error: no viable conversion from 'vector<unsigned char>' to 'void *'
                return Buffer;
                       ^~~~~~
2 errors generated.
make: *** [obj/local/armeabi/objs/Scrolly/Android/AndroidSupport.o] Error 1

**** Build Finished ****

**** Build of configuration Default for project ScrollyActivity ****

/Users/joshbadams/Documents/dev/Android/android-ndk-r9c/ndk-build all 
[armeabi] Compile++ thumb: Scrolly <= AndroidSupport.cpp
[armeabi] SharedLibrary  : libScrolly.so
[armeabi] Install        : libScrolly.so => libs/armeabi/libScrolly.so

**** Build Finished ****

**** Build of configuration Default for project ScrollyActivity ****

/Users/joshbadams/Documents/dev/Android/android-ndk-r9c/ndk-build all 
[armeabi] Install        : libScrolly.so => libs/armeabi/libScrolly.so

**** Build Finished ****

**** Build of configuration Default for project ScrollyActivity ****

/Users/joshbadams/Documents/dev/Android/android-ndk-r9c/ndk-build all 
[armeabi] Compile++ thumb: Scrolly <= WoflRenderer.cpp
[armeabi] SharedLibrary  : libScrolly.so
[armeabi] Install        : libScrolly.so => libs/armeabi/libScrolly.so

**** Build Finished ****

**** Build of configuration Default for project ScrollyActivity ****

/Users/joshbadams/Documents/dev/Android/android-ndk-r9c/ndk-build all 
[armeabi] Compile++ thumb: Scrolly <= WoflRenderer.cpp
[armeabi] SharedLibrary  : libScrolly.so
[armeabi] Install        : libScrolly.so => libs/armeabi/libScrolly.so

**** Build Finished ****

**** Build of configuration Default for project ScrollyActivity ****

/Users/joshbadams/Documents/dev/Android/android-ndk-r9c/ndk-build all 
[armeabi] Compile++ thumb: Scrolly <= AndroidLaunch.cpp
[armeabi] SharedLibrary  : libScrolly.so
[armeabi] Install        : libScrolly.so => libs/armeabi/libScrolly.so

**** Build Finished ****

**** Build of configuration Default for project ScrollyActivity ****

/Users/joshbadams/Documents/dev/Android/android-ndk-r9c/ndk-build all 
[armeabi] Compile++ thumb: Scrolly <= WoflRenderer.cpp
[armeabi] SharedLibrary  : libScrolly.so
[armeabi] Install        : libScrolly.so => libs/armeabi/libScrolly.so

**** Build Finished ****

**** Build of configuration Default for project ScrollyActivity ****

/Users/joshbadams/Documents/dev/Android/android-ndk-r9c/ndk-build all 
[armeabi] Compile++ thumb: Scrolly <= WoflRenderer.cpp
[armeabi] SharedLibrary  : libScrolly.so
[armeabi] Install        : libScrolly.so => libs/armeabi/libScrolly.so

**** Build Finished ****

**** Build of configuration Default for project ScrollyActivity ****

/Users/joshbadams/Documents/dev/Android/android-ndk-r9c/ndk-build all 
[armeabi] Compile++ thumb: Scrolly <= WoflRenderer.cpp
[armeabi] SharedLibrary  : libScrolly.so
[armeabi] Install        : libScrolly.so => libs/armeabi/libScrolly.so

**** Build Finished ****

**** Build of configuration Default for project ScrollyActivity ****

/Users/joshbadams/Documents/dev/Android/android-ndk-r9c/ndk-build all 
[armeabi] Compile++ thumb: Scrolly <= AndroidSupport.cpp
[armeabi] SharedLibrary  : libScrolly.so
[armeabi] Install        : libScrolly.so => libs/armeabi/libScrolly.so

**** Build Finished ****

**** Build of configuration Default for project ScrollyActivity ****

/Users/joshbadams/Documents/dev/Android/android-ndk-r9c/ndk-build all 
[armeabi] Compile++ thumb: Scrolly <= ScrollyGame.cpp
[armeabi] Compile++ thumb: Scrolly <= SPlayer.cpp
[armeabi] SharedLibrary  : libScrolly.so
[armeabi] Install        : libScrolly.so => libs/armeabi/libScrolly.so

**** Build Finished ****

**** Clean-only build of configuration Default for project ScrollyActivity ****

/Users/joshbadams/Documents/dev/Android/android-ndk-r9c/ndk-build clean 
[armeabi] Clean          : Scrolly [armeabi]
[armeabi] Clean          : stlport_shared [armeabi]
[armeabi] Clean          : stlport_static [armeabi]

**** Build Finished ****

**** Build of configuration Default for project ScrollyActivity ****

/Users/joshbadams/Documents/dev/Android/android-ndk-r9c/ndk-build all 
[armeabi] Compile++ thumb: Scrolly <= Utils.cpp
[armeabi] Compile++ thumb: Scrolly <= WoflApp.cpp
[armeabi] Compile++ thumb: Scrolly <= WoflGame.cpp
[armeabi] Compile++ thumb: Scrolly <= WoflInput.cpp
[armeabi] Compile++ thumb: Scrolly <= WoflRenderer.cpp
[armeabi] Compile++ thumb: Scrolly <= WoflSprite.cpp
[armeabi] Compile++ thumb: Scrolly <= WoflWorld.cpp
[armeabi] Compile++ thumb: Scrolly <= AndroidLaunch.cpp
[armeabi] Compile++ thumb: Scrolly <= AndroidSupport.cpp
[armeabi] Compile++ thumb: Scrolly <= ScrollyGame.cpp
[armeabi] Compile++ thumb: Scrolly <= SPlayer.cpp
[armeabi] SharedLibrary  : libScrolly.so
[armeabi] Install        : libScrolly.so => libs/armeabi/libScrolly.so

**** Build Finished ****
